Test: unaffected shard access (challenge 2) ...
008884 LEAD G102 start UpdataConfigOp configNum = 1 pre = 0
009093 LEAD G102 S2 Update config from 0 to 1
009202 LEAD G101 start UpdataConfigOp configNum = 1 pre = 0
009513 LEAD G101 S0 Update config from 0 to 1
010003 CLNT C1 commandId = 0 request 1 key = 0 value = 100 shard = 8
010034 LEAD G102 S0 Update config from 0 to 1
010140 LEAD G102 S1 Update config from 0 to 1
010353 LEAD G101 S1 Update config from 0 to 1
010459 LEAD G101 S2 Update config from 0 to 1
011683 Group G100 receive Get ClientId = 1 CommandId = 0 Key = 0 shard = 8
012421 Group G100 receive Get ClientId = 1 CommandId = 0 Key = 0 shard = 8
013283 LEAD G100 start UpdataConfigOp configNum = 1 pre = 0
013495 LEAD G100 S0 Update config from 0 to 1
013939 Group G100 receive Get ClientId = 1 CommandId = 0 Key = 0 shard = 8
013939 LEAD G100 start {3 1 {0 8 100 1 1 0}}
014023 LEAD G100 S2 Update config from 0 to 1
014130 CLNT C1 commandId = 1 request 1 key = 1 value = 100 shard = 9
014237 LEAD G100 S1 Update config from 0 to 1
014332 Group G100 receive Get ClientId = 1 CommandId = 1 Key = 1 shard = 9
014333 LEAD G100 start {3 1 {1 9 100 1 1 1}}
014562 CLNT C1 commandId = 2 request 1 key = 2 value = 100 shard = 0
014604 Group G100 receive Get ClientId = 1 CommandId = 2 Key = 2 shard = 0
014604 LEAD G100 start {3 1 {2 0 100 1 1 2}}
014772 CLNT C1 commandId = 3 request 1 key = 3 value = 100 shard = 1
014918 Group G100 receive Get ClientId = 1 CommandId = 3 Key = 3 shard = 1
014919 LEAD G100 start {3 1 {3 1 100 1 1 3}}
015298 CLNT C1 commandId = 4 request 1 key = 4 value = 100 shard = 2
015549 Group G100 receive Get ClientId = 1 CommandId = 4 Key = 4 shard = 2
015551 LEAD G100 start {3 1 {4 2 100 1 1 4}}
015817 CLNT C1 commandId = 5 request 1 key = 5 value = 100 shard = 3
015987 Group G100 receive Get ClientId = 1 CommandId = 5 Key = 5 shard = 3
015988 LEAD G100 start {3 1 {5 3 100 1 1 5}}
016135 CLNT C1 commandId = 6 request 1 key = 6 value = 100 shard = 4
016177 Group G100 receive Get ClientId = 1 CommandId = 6 Key = 6 shard = 4
016178 LEAD G100 start {3 1 {6 4 100 1 1 6}}
016346 CLNT C1 commandId = 7 request 1 key = 7 value = 100 shard = 5
016431 Group G100 receive Get ClientId = 1 CommandId = 7 Key = 7 shard = 5
016431 LEAD G100 start {3 1 {7 5 100 1 1 7}}
016558 CLNT C1 commandId = 8 request 1 key = 8 value = 100 shard = 6
016805 Group G100 receive Get ClientId = 1 CommandId = 8 Key = 8 shard = 6
016805 LEAD G100 start {3 1 {8 6 100 1 1 8}}
017182 CLNT C1 commandId = 9 request 1 key = 9 value = 100 shard = 7
017383 Group G100 receive Get ClientId = 1 CommandId = 9 Key = 9 shard = 7
017384 LEAD G100 start {3 1 {9 7 100 1 1 9}}
017918 Group G100 receive Get ClientId = 1 CommandId = 9 Key = 9 shard = 7
021506 Group G100 receive Get ClientId = 1 CommandId = 9 Key = 9 shard = 7
022951 LEAD G100 start UpdataConfigOp configNum = 2 pre = 1
023161 LEAD G100 S0 Update config from 1 to 2
023477 LEAD G101 start UpdataConfigOp configNum = 2 pre = 1
023685 LEAD G101 S0 Update config from 1 to 2
024098 LEAD G100 S1 Update config from 1 to 2
024204 LEAD G100 S2 Update config from 1 to 2
024626 LEAD G101 S1 Update config from 1 to 2
024626 LEAD G101 S2 Update config from 1 to 2
025029 Group G100 send bag targetGroup = 101 shard = 7 config = 2 map = map[9:100]
025029 Group G100 send bag targetGroup = 101 shard = 8 config = 2 map = map[0:100]
025030 Group G100 send bag targetGroup = 101 shard = 5 config = 2 map = map[7:100]
025030 Group G100 send bag targetGroup = 101 shard = 6 config = 2 map = map[8:100]
025030 Group G100 send bag targetGroup = 101 shard = 9 config = 2 map = map[1:100]
025062 LEAD G101 receive MigrateInstall newConfigNum = 2 curConfigNum = 2 shard = 6
025062 LEAD G101 start MigrateInstall operation = {5 2 {2 6 map[8:100]}}
025073 LEAD G101 receive MigrateInstall newConfigNum = 2 curConfigNum = 2 shard = 5
025073 LEAD G101 start MigrateInstall operation = {5 2 {2 5 map[7:100]}}
025104 LEAD G101 receive MigrateInstall newConfigNum = 2 curConfigNum = 2 shard = 9
025104 LEAD G101 start MigrateInstall operation = {5 2 {2 9 map[1:100]}}
025146 LEAD G101 S0 install shard = 6 database = map[8:100]
025146 LEAD G101 S0 install shard = 5 database = map[7:100]
025146 LEAD G101 receive MigrateInstall newConfigNum = 2 curConfigNum = 2 shard = 8
025147 LEAD G101 start MigrateInstall operation = {5 2 {2 8 map[0:100]}}
025286 LEAD G101 receive MigrateInstall newConfigNum = 2 curConfigNum = 2 shard = 7
025286 LEAD G101 start MigrateInstall operation = {5 2 {2 7 map[9:100]}}
025360 LEAD G101 S1 install shard = 6 database = map[8:100]
025360 LEAD G101 S1 install shard = 5 database = map[7:100]
025466 LEAD G101 S0 install shard = 9 database = map[1:100]
025466 LEAD G101 S0 install shard = 8 database = map[0:100]
025467 LEAD G101 receive MigrateInstall newConfigNum = 2 curConfigNum = 2 shard = 5
025467 LEAD G101 S0 install shard = 7 database = map[9:100]
025572 Group G100 delete sendingDatabase shard = 6 config = 2
025679 Group G100 delete sendingDatabase shard = 6 config = 2
025679 Group G100 delete sendingDatabase shard = 6 config = 2
025783 Group G100 delete sendingDatabase shard = 8 config = 2
025784 Group G100 delete sendingDatabase shard = 5 config = 2
025795 LEAD G101 receive MigrateInstall newConfigNum = 2 curConfigNum = 2 shard = 9
025889 Group G100 delete sendingDatabase shard = 8 config = 2
025889 Group G100 delete sendingDatabase shard = 8 config = 2
025889 Group G100 delete sendingDatabase shard = 5 config = 2
025890 LEAD G101 receive MigrateInstall newConfigNum = 2 curConfigNum = 2 shard = 7
025890 Group G100 delete sendingDatabase shard = 5 config = 2
025890 LEAD G102 start UpdataConfigOp configNum = 2 pre = 1
025890 Group G100 delete sendingDatabase shard = 9 config = 2
025996 Group G100 delete sendingDatabase shard = 9 config = 2
026102 Group G100 delete sendingDatabase shard = 9 config = 2
026102 Group G100 delete sendingDatabase shard = 7 config = 2
026102 LEAD G102 S2 Update config from 1 to 2
026419 LEAD G101 S1 install shard = 9 database = map[1:100]
026419 LEAD G101 S1 install shard = 8 database = map[0:100]
026420 LEAD G101 S1 install shard = 7 database = map[9:100]
026523 LEAD G101 S2 install shard = 9 database = map[1:100]
026524 LEAD G101 S2 install shard = 8 database = map[0:100]
026524 LEAD G101 S2 install shard = 7 database = map[9:100]
027154 LEAD G102 S1 Update config from 1 to 2
027154 Group G100 delete sendingDatabase shard = 7 config = 2
027154 Group G100 delete sendingDatabase shard = 7 config = 2
027364 LEAD G102 S0 Update config from 1 to 2
032121 CLNT C1 commandId = 10 request 1 key = 5 value = 101 shard = 3
032384 Group G100 receive Get ClientId = 1 CommandId = 10 Key = 5 shard = 3
032384 LEAD G100 start {3 2 {5 3 101 1 1 10}}
032593 CLNT C1 commandId = 11 request 1 key = 6 value = 101 shard = 4
032686 Group G100 receive Get ClientId = 1 CommandId = 11 Key = 6 shard = 4
032686 LEAD G100 start {3 2 {6 4 101 1 1 11}}
034334 Group G100 receive Get ClientId = 1 CommandId = 11 Key = 6 shard = 4
034335 CLNT C1 commandId = 12 request 1 key = 7 value = 101 shard = 5
034563 Group G100 receive Get ClientId = 1 CommandId = 12 Key = 7 shard = 5
036698 Group G100 receive Get ClientId = 1 CommandId = 12 Key = 7 shard = 5
037394 Group G101 receive Get ClientId = 1 CommandId = 12 Key = 7 shard = 5
037395 LEAD G101 start {3 2 {7 5 101 1 1 12}}
037668 CLNT C1 commandId = 13 request 1 key = 8 value = 101 shard = 6
037767 Group G101 receive Get ClientId = 1 CommandId = 13 Key = 8 shard = 6
037767 LEAD G101 start {3 2 {8 6 101 1 1 13}}
037880 CLNT C1 commandId = 14 request 1 key = 9 value = 101 shard = 7
038113 Group G101 receive Get ClientId = 1 CommandId = 14 Key = 9 shard = 7
038113 LEAD G101 start {3 2 {9 7 101 1 1 14}}
039565 LEAD G102 start UpdataConfigOp configNum = 3 pre = 2
039673 LEAD G102 S2 Update config from 2 to 3
040715 LEAD G102 S0 Update config from 2 to 3
040715 LEAD G102 S1 Update config from 2 to 3
041962 LEAD G101 start UpdataConfigOp configNum = 3 pre = 2
042063 LEAD G101 S0 Update config from 2 to 3
043102 LEAD G101 S2 Update config from 2 to 3
043313 LEAD G101 S1 Update config from 2 to 3
048935 CLNT C1 commandId = 15 request Get key = 0 shard = 8
049183 Group G101 receive Get ClientId = 1 CommandId = 15 Key = 0 shard = 8
049183 LEAD G101 start {0 3 {0 8 1 15}}
049237 CLNT C1 commandId = 16 request 1 key = 0 value = 100-1 shard = 8
049422 Group G101 receive Get ClientId = 1 CommandId = 16 Key = 0 shard = 8
049422 LEAD G101 start {3 3 {0 8 100-1 1 1 16}}
049650 CLNT C1 commandId = 17 request Get key = 0 shard = 8
049848 Group G101 receive Get ClientId = 1 CommandId = 17 Key = 0 shard = 8
049849 LEAD G101 start {0 3 {0 8 1 17}}
050070 CLNT C1 commandId = 18 request Get key = 1 shard = 9
050101 Group G101 receive Get ClientId = 1 CommandId = 18 Key = 1 shard = 9
050102 LEAD G101 start {0 3 {1 9 1 18}}
050592 CLNT C1 commandId = 19 request 1 key = 1 value = 100-1 shard = 9
050634 Group G101 receive Get ClientId = 1 CommandId = 19 Key = 1 shard = 9
050634 LEAD G101 start {3 3 {1 9 100-1 1 1 19}}
054586 Group G101 receive Get ClientId = 1 CommandId = 19 Key = 1 shard = 9
054587 CLNT C1 commandId = 20 request Get key = 1 shard = 9
054826 Group G101 receive Get ClientId = 1 CommandId = 20 Key = 1 shard = 9
054826 LEAD G101 start {0 3 {1 9 1 20}}
054962 CLNT C1 commandId = 21 request Get key = 7 shard = 5
054963 Group G101 receive Get ClientId = 1 CommandId = 21 Key = 7 shard = 5
054963 LEAD G101 start {0 3 {7 5 1 21}}
panic: test timed out after 10m0s

goroutine 183561 [running]:
testing.(*M).startAlarm.func1()
	/usr/local/go/src/testing/testing.go:2036 +0x8e
created by time.goFunc
	/usr/local/go/src/time/sleep.go:176 +0x32

goroutine 1 [chan receive, 9 minutes]:
testing.(*T).Run(0xc0001361a0, {0x651890?, 0x4fdc25?}, 0x664778)
	/usr/local/go/src/testing/testing.go:1494 +0x37a
testing.runTests.func1(0xc0001361a0?)
	/usr/local/go/src/testing/testing.go:1846 +0x6e
testing.tRunner(0xc0001361a0, 0xc00005dcd8)
	/usr/local/go/src/testing/testing.go:1446 +0x10b
testing.runTests(0xc000000140?, {0x7e48a0, 0xd, 0xd}, {0x7f489ec77108?, 0x40?, 0x7e9220?})
	/usr/local/go/src/testing/testing.go:1844 +0x456
testing.(*M).Run(0xc000000140)
	/usr/local/go/src/testing/testing.go:1726 +0x5d9
main.main()
	_testmain.go:71 +0x1aa

goroutine 6 [select]:
6.824/shardkv.(*Clerk).Get(0xc00014c100, {0x655a07, 0x1})
	/home/jackson/projects/6.824/src/shardkv/client.go:94 +0x385
6.824/shardkv.check(0xc000136340, 0xc00007cec8?, {0x655a07, 0x1}, {0x64bce3, 0x3})
	/home/jackson/projects/6.824/src/shardkv/test_test.go:20 +0x4e
6.824/shardkv.TestChallenge2Unaffected(0x0?)
	/home/jackson/projects/6.824/src/shardkv/test_test.go:875 +0x5b2
testing.tRunner(0xc000136340, 0x664778)
	/usr/local/go/src/testing/testing.go:1446 +0x10b
created by testing.(*T).Run
	/usr/local/go/src/testing/testing.go:1493 +0x35f

goroutine 7 [select]:
6.824/labrpc.MakeNetwork.func1()
	/home/jackson/projects/6.824/src/labrpc/labrpc.go:156 +0xb8
created by 6.824/labrpc.MakeNetwork
	/home/jackson/projects/6.824/src/labrpc/labrpc.go:154 +0x17c

goroutine 8 [sleep]:
time.Sleep(0x21a49802)
	/usr/local/go/src/runtime/time.go:195 +0x135
6.824/raft.(*Raft).ticker(0xc00012a2c0)
	/home/jackson/projects/6.824/src/raft/raft.go:831 +0xc5
created by 6.824/raft.Make
	/home/jackson/projects/6.824/src/raft/raft.go:1004 +0x33b

goroutine 9 [select]:
6.824/raft.(*Raft).heartbeats(0xc00012a2c0)
	/home/jackson/projects/6.824/src/raft/raft.go:860 +0xaa
created by 6.824/raft.Make
	/home/jackson/projects/6.824/src/raft/raft.go:1005 +0x378

goroutine 10 [sleep]:
time.Sleep(0x989680)
	/usr/local/go/src/runtime/time.go:195 +0x135
6.824/raft.(*Raft).applyChecker(0xc00012a2c0)
	/home/jackson/projects/6.824/src/raft/raft.go:898 +0x4f
created by 6.824/raft.Make
	/home/jackson/projects/6.824/src/raft/raft.go:1006 +0x3b6

goroutine 11 [sleep]:
time.Sleep(0x989680)
	/usr/local/go/src/runtime/time.go:195 +0x135
6.824/raft.(*Raft).commitChecker(0xc00012a2c0)
	/home/jackson/projects/6.824/src/raft/raft.go:923 +0x5a
created by 6.824/raft.Make
	/home/jackson/projects/6.824/src/raft/raft.go:1007 +0x3f6

goroutine 12 [chan receive]:
6.824/shardctrler.(*ShardCtrler).applyCheaker(0xc000126360)
	/home/jackson/projects/6.824/src/shardctrler/server.go:366 +0x85
created by 6.824/shardctrler.StartServer
	/home/jackson/projects/6.824/src/shardctrler/server.go:360 +0x46f

goroutine 13 [sleep]:
time.Sleep(0x271c8620)
	/usr/local/go/src/runtime/time.go:195 +0x135
6.824/raft.(*Raft).ticker(0xc00012a420)
	/home/jackson/projects/6.824/src/raft/raft.go:831 +0xc5
created by 6.824/raft.Make
	/home/jackson/projects/6.824/src/raft/raft.go:1004 +0x33b

goroutine 14 [select]:
6.824/raft.(*Raft).heartbeats(0xc00012a420)
	/home/jackson/projects/6.824/src/raft/raft.go:860 +0xaa
created by 6.824/raft.Make
	/home/jackson/projects/6.824/src/raft/raft.go:1005 +0x378

goroutine 15 [sleep]:
time.Sleep(0x989680)
	/usr/local/go/src/runtime/time.go:195 +0x135
6.824/raft.(*Raft).applyChecker(0xc00012a420)
	/home/jackson/projects/6.824/src/raft/raft.go:898 +0x4f
created by 6.824/raft.Make
	/home/jackson/projects/6.824/src/raft/raft.go:1006 +0x3b6

goroutine 16 [sleep]:
time.Sleep(0x989680)
	/usr/local/go/src/runtime/time.go:195 +0x135
6.824/raft.(*Raft).commitChecker(0xc00012a420)
	/home/jackson/projects/6.824/src/raft/raft.go:923 +0x5a
created by 6.824/raft.Make
	/home/jackson/projects/6.824/src/raft/raft.go:1007 +0x3f6

goroutine 17 [chan receive]:
6.824/shardctrler.(*ShardCtrler).applyCheaker(0xc000126480)
	/home/jackson/projects/6.824/src/shardctrler/server.go:366 +0x85
created by 6.824/shardctrler.StartServer
	/home/jackson/projects/6.824/src/shardctrler/server.go:360 +0x46f

goroutine 18 [sleep]:
time.Sleep(0x33341ade)
	/usr/local/go/src/runtime/time.go:195 +0x135
6.824/raft.(*Raft).ticker(0xc00012a580)
	/home/jackson/projects/6.824/src/raft/raft.go:831 +0xc5
created by 6.824/raft.Make
	/home/jackson/projects/6.824/src/raft/raft.go:1004 +0x33b

goroutine 19 [select]:
6.824/raft.(*Raft).heartbeats(0xc00012a580)
	/home/jackson/projects/6.824/src/raft/raft.go:860 +0xaa
created by 6.824/raft.Make
	/home/jackson/projects/6.824/src/raft/raft.go:1005 +0x378

goroutine 20 [sleep]:
time.Sleep(0x989680)
	/usr/local/go/src/runtime/time.go:195 +0x135
6.824/raft.(*Raft).applyChecker(0xc00012a580)
	/home/jackson/projects/6.824/src/raft/raft.go:898 +0x4f
created by 6.824/raft.Make
	/home/jackson/projects/6.824/src/raft/raft.go:1006 +0x3b6

goroutine 21 [sleep]:
time.Sleep(0x989680)
	/usr/local/go/src/runtime/time.go:195 +0x135
6.824/raft.(*Raft).commitChecker(0xc00012a580)
	/home/jackson/projects/6.824/src/raft/raft.go:923 +0x5a
created by 6.824/raft.Make
	/home/jackson/projects/6.824/src/raft/raft.go:1007 +0x3f6

goroutine 22 [chan receive]:
6.824/shardctrler.(*ShardCtrler).applyCheaker(0xc0001265a0)
	/home/jackson/projects/6.824/src/shardctrler/server.go:366 +0x85
created by 6.824/shardctrler.StartServer
	/home/jackson/projects/6.824/src/shardctrler/server.go:360 +0x46f

goroutine 27 [chan receive, 9 minutes]:
6.824/shardkv.(*ShardKV).applyCheaker(0xc000160000)
	/home/jackson/projects/6.824/src/shardkv/server.go:409 +0x85
created by 6.824/shardkv.StartServer
	/home/jackson/projects/6.824/src/shardkv/server.go:400 +0x4ea

goroutine 34 [chan receive, 9 minutes]:
6.824/shardkv.(*ShardKV).applyCheaker(0xc000160200)
	/home/jackson/projects/6.824/src/shardkv/server.go:409 +0x85
created by 6.824/shardkv.StartServer
	/home/jackson/projects/6.824/src/shardkv/server.go:400 +0x4ea

goroutine 41 [chan receive, 9 minutes]:
6.824/shardkv.(*ShardKV).applyCheaker(0xc000160600)
	/home/jackson/projects/6.824/src/shardkv/server.go:409 +0x85
created by 6.824/shardkv.StartServer
	/home/jackson/projects/6.824/src/shardkv/server.go:400 +0x4ea

goroutine 2589 [select]:
6.824/labrpc.(*Network).processReq(0xc0000142d0, {{0x601780, 0xc00034b480}, {0x64d7be, 0xb}, {0x6a7880, 0x5f71c0}, {0xc00047c230, 0x50, 0x50}, ...})
	/home/jackson/projects/6.824/src/labrpc/labrpc.go:254 +0x416
created by 6.824/labrpc.MakeNetwork.func1
	/home/jackson/projects/6.824/src/labrpc/labrpc.go:160 +0x39

goroutine 44 [sleep]:
time.Sleep(0x24beda58)
	/usr/local/go/src/runtime/time.go:195 +0x135
6.824/raft.(*Raft).ticker(0xc00012ab00)
	/home/jackson/projects/6.824/src/raft/raft.go:831 +0xc5
created by 6.824/raft.Make
	/home/jackson/projects/6.824/src/raft/raft.go:1004 +0x33b

goroutine 45 [select]:
6.824/raft.(*Raft).heartbeats(0xc00012ab00)
	/home/jackson/projects/6.824/src/raft/raft.go:860 +0xaa
created by 6.824/raft.Make
	/home/jackson/projects/6.824/src/raft/raft.go:1005 +0x378

goroutine 46 [sleep]:
time.Sleep(0x989680)
	/usr/local/go/src/runtime/time.go:195 +0x135
6.824/raft.(*Raft).applyChecker(0xc00012ab00)
	/home/jackson/projects/6.824/src/raft/raft.go:898 +0x4f
created by 6.824/raft.Make
	/home/jackson/projects/6.824/src/raft/raft.go:1006 +0x3b6

goroutine 47 [sleep]:
time.Sleep(0x989680)
	/usr/local/go/src/runtime/time.go:195 +0x135
6.824/raft.(*Raft).commitChecker(0xc00012ab00)
	/home/jackson/projects/6.824/src/raft/raft.go:923 +0x5a
created by 6.824/raft.Make
	/home/jackson/projects/6.824/src/raft/raft.go:1007 +0x3f6

goroutine 48 [chan receive, 9 minutes]:
6.824/shardkv.(*ShardKV).applyCheaker(0xc000160800)
	/home/jackson/projects/6.824/src/shardkv/server.go:409 +0x85
created by 6.824/shardkv.StartServer
	/home/jackson/projects/6.824/src/shardkv/server.go:400 +0x4ea

goroutine 49 [sleep]:
time.Sleep(0x5f5e100)
	/usr/local/go/src/runtime/time.go:195 +0x135
6.824/shardkv.(*ShardKV).configPuller(0xc000160800)
	/home/jackson/projects/6.824/src/shardkv/server.go:672 +0x3d
created by 6.824/shardkv.StartServer
	/home/jackson/projects/6.824/src/shardkv/server.go:401 +0x52a

goroutine 50 [sleep]:
time.Sleep(0x1dcd6500)
	/usr/local/go/src/runtime/time.go:195 +0x135
6.824/shardkv.(*ShardKV).sendAreaChecker(0xc000160800)
	/home/jackson/projects/6.824/src/shardkv/server.go:727 +0x53
created by 6.824/shardkv.StartServer
	/home/jackson/projects/6.824/src/shardkv/server.go:402 +0x56a

goroutine 51 [sleep]:
time.Sleep(0x30692e33)
	/usr/local/go/src/runtime/time.go:195 +0x135
6.824/raft.(*Raft).ticker(0xc00012ac60)
	/home/jackson/projects/6.824/src/raft/raft.go:831 +0xc5
created by 6.824/raft.Make
	/home/jackson/projects/6.824/src/raft/raft.go:1004 +0x33b

goroutine 52 [select]:
6.824/raft.(*Raft).heartbeats(0xc00012ac60)
	/home/jackson/projects/6.824/src/raft/raft.go:860 +0xaa
created by 6.824/raft.Make
	/home/jackson/projects/6.824/src/raft/raft.go:1005 +0x378

goroutine 53 [sleep]:
time.Sleep(0x989680)
	/usr/local/go/src/runtime/time.go:195 +0x135
6.824/raft.(*Raft).applyChecker(0xc00012ac60)
	/home/jackson/projects/6.824/src/raft/raft.go:898 +0x4f
created by 6.824/raft.Make
	/home/jackson/projects/6.824/src/raft/raft.go:1006 +0x3b6

goroutine 54 [sleep]:
time.Sleep(0x989680)
	/usr/local/go/src/runtime/time.go:195 +0x135
6.824/raft.(*Raft).commitChecker(0xc00012ac60)
	/home/jackson/projects/6.824/src/raft/raft.go:923 +0x5a
created by 6.824/raft.Make
	/home/jackson/projects/6.824/src/raft/raft.go:1007 +0x3f6

goroutine 55 [chan receive, 9 minutes]:
6.824/shardkv.(*ShardKV).applyCheaker(0xc000160a00)
	/home/jackson/projects/6.824/src/shardkv/server.go:409 +0x85
created by 6.824/shardkv.StartServer
	/home/jackson/projects/6.824/src/shardkv/server.go:400 +0x4ea

goroutine 56 [sleep]:
time.Sleep(0x5f5e100)
	/usr/local/go/src/runtime/time.go:195 +0x135
6.824/shardkv.(*ShardKV).configPuller(0xc000160a00)
	/home/jackson/projects/6.824/src/shardkv/server.go:672 +0x3d
created by 6.824/shardkv.StartServer
	/home/jackson/projects/6.824/src/shardkv/server.go:401 +0x52a

goroutine 57 [sleep]:
time.Sleep(0x1dcd6500)
	/usr/local/go/src/runtime/time.go:195 +0x135
6.824/shardkv.(*ShardKV).sendAreaChecker(0xc000160a00)
	/home/jackson/projects/6.824/src/shardkv/server.go:727 +0x53
created by 6.824/shardkv.StartServer
	/home/jackson/projects/6.824/src/shardkv/server.go:402 +0x56a

goroutine 58 [sleep]:
time.Sleep(0x39f6159c)
	/usr/local/go/src/runtime/time.go:195 +0x135
6.824/raft.(*Raft).ticker(0xc00012adc0)
	/home/jackson/projects/6.824/src/raft/raft.go:831 +0xc5
created by 6.824/raft.Make
	/home/jackson/projects/6.824/src/raft/raft.go:1004 +0x33b

goroutine 59 [select]:
6.824/raft.(*Raft).heartbeats(0xc00012adc0)
	/home/jackson/projects/6.824/src/raft/raft.go:860 +0xaa
created by 6.824/raft.Make
	/home/jackson/projects/6.824/src/raft/raft.go:1005 +0x378

goroutine 60 [sleep]:
time.Sleep(0x989680)
	/usr/local/go/src/runtime/time.go:195 +0x135
6.824/raft.(*Raft).applyChecker(0xc00012adc0)
	/home/jackson/projects/6.824/src/raft/raft.go:898 +0x4f
created by 6.824/raft.Make
	/home/jackson/projects/6.824/src/raft/raft.go:1006 +0x3b6

goroutine 61 [sleep]:
time.Sleep(0x989680)
	/usr/local/go/src/runtime/time.go:195 +0x135
6.824/raft.(*Raft).commitChecker(0xc00012adc0)
	/home/jackson/projects/6.824/src/raft/raft.go:923 +0x5a
created by 6.824/raft.Make
	/home/jackson/projects/6.824/src/raft/raft.go:1007 +0x3f6

goroutine 62 [chan receive, 9 minutes]:
6.824/shardkv.(*ShardKV).applyCheaker(0xc000160c00)
	/home/jackson/projects/6.824/src/shardkv/server.go:409 +0x85
created by 6.824/shardkv.StartServer
	/home/jackson/projects/6.824/src/shardkv/server.go:400 +0x4ea

goroutine 63 [sleep]:
time.Sleep(0x5f5e100)
	/usr/local/go/src/runtime/time.go:195 +0x135
6.824/shardkv.(*ShardKV).configPuller(0xc000160c00)
	/home/jackson/projects/6.824/src/shardkv/server.go:672 +0x3d
created by 6.824/shardkv.StartServer
	/home/jackson/projects/6.824/src/shardkv/server.go:401 +0x52a

goroutine 64 [sleep]:
time.Sleep(0x1dcd6500)
	/usr/local/go/src/runtime/time.go:195 +0x135
6.824/shardkv.(*ShardKV).sendAreaChecker(0xc000160c00)
	/home/jackson/projects/6.824/src/shardkv/server.go:727 +0x53
created by 6.824/shardkv.StartServer
	/home/jackson/projects/6.824/src/shardkv/server.go:402 +0x56a

goroutine 65 [sleep]:
time.Sleep(0x31b3733e)
	/usr/local/go/src/runtime/time.go:195 +0x135
6.824/raft.(*Raft).ticker(0xc00012af20)
	/home/jackson/projects/6.824/src/raft/raft.go:831 +0xc5
created by 6.824/raft.Make
	/home/jackson/projects/6.824/src/raft/raft.go:1004 +0x33b

goroutine 66 [select]:
6.824/raft.(*Raft).heartbeats(0xc00012af20)
	/home/jackson/projects/6.824/src/raft/raft.go:860 +0xaa
created by 6.824/raft.Make
	/home/jackson/projects/6.824/src/raft/raft.go:1005 +0x378

goroutine 67 [sleep]:
time.Sleep(0x989680)
	/usr/local/go/src/runtime/time.go:195 +0x135
6.824/raft.(*Raft).applyChecker(0xc00012af20)
	/home/jackson/projects/6.824/src/raft/raft.go:898 +0x4f
created by 6.824/raft.Make
	/home/jackson/projects/6.824/src/raft/raft.go:1006 +0x3b6

goroutine 68 [sleep]:
time.Sleep(0x989680)
	/usr/local/go/src/runtime/time.go:195 +0x135
6.824/raft.(*Raft).commitChecker(0xc00012af20)
	/home/jackson/projects/6.824/src/raft/raft.go:923 +0x5a
created by 6.824/raft.Make
	/home/jackson/projects/6.824/src/raft/raft.go:1007 +0x3f6

goroutine 69 [chan receive, 9 minutes]:
6.824/shardkv.(*ShardKV).applyCheaker(0xc000160e00)
	/home/jackson/projects/6.824/src/shardkv/server.go:409 +0x85
created by 6.824/shardkv.StartServer
	/home/jackson/projects/6.824/src/shardkv/server.go:400 +0x4ea

goroutine 70 [sleep]:
time.Sleep(0x5f5e100)
	/usr/local/go/src/runtime/time.go:195 +0x135
6.824/shardkv.(*ShardKV).configPuller(0xc000160e00)
	/home/jackson/projects/6.824/src/shardkv/server.go:672 +0x3d
created by 6.824/shardkv.StartServer
	/home/jackson/projects/6.824/src/shardkv/server.go:401 +0x52a

goroutine 71 [sleep]:
time.Sleep(0x1dcd6500)
	/usr/local/go/src/runtime/time.go:195 +0x135
6.824/shardkv.(*ShardKV).sendAreaChecker(0xc000160e00)
	/home/jackson/projects/6.824/src/shardkv/server.go:727 +0x53
created by 6.824/shardkv.StartServer
	/home/jackson/projects/6.824/src/shardkv/server.go:402 +0x56a

goroutine 72 [sleep]:
time.Sleep(0x396ac7a8)
	/usr/local/go/src/runtime/time.go:195 +0x135
6.824/raft.(*Raft).ticker(0xc00012b080)
	/home/jackson/projects/6.824/src/raft/raft.go:831 +0xc5
created by 6.824/raft.Make
	/home/jackson/projects/6.824/src/raft/raft.go:1004 +0x33b

goroutine 73 [select]:
6.824/raft.(*Raft).heartbeats(0xc00012b080)
	/home/jackson/projects/6.824/src/raft/raft.go:860 +0xaa
created by 6.824/raft.Make
	/home/jackson/projects/6.824/src/raft/raft.go:1005 +0x378

goroutine 74 [sleep]:
time.Sleep(0x989680)
	/usr/local/go/src/runtime/time.go:195 +0x135
6.824/raft.(*Raft).applyChecker(0xc00012b080)
	/home/jackson/projects/6.824/src/raft/raft.go:898 +0x4f
created by 6.824/raft.Make
	/home/jackson/projects/6.824/src/raft/raft.go:1006 +0x3b6

goroutine 75 [sleep]:
time.Sleep(0x989680)
	/usr/local/go/src/runtime/time.go:195 +0x135
6.824/raft.(*Raft).commitChecker(0xc00012b080)
	/home/jackson/projects/6.824/src/raft/raft.go:923 +0x5a
created by 6.824/raft.Make
	/home/jackson/projects/6.824/src/raft/raft.go:1007 +0x3f6

goroutine 76 [chan receive, 9 minutes]:
6.824/shardkv.(*ShardKV).applyCheaker(0xc000161000)
	/home/jackson/projects/6.824/src/shardkv/server.go:409 +0x85
created by 6.824/shardkv.StartServer
	/home/jackson/projects/6.824/src/shardkv/server.go:400 +0x4ea

goroutine 77 [sleep]:
time.Sleep(0x5f5e100)
	/usr/local/go/src/runtime/time.go:195 +0x135
6.824/shardkv.(*ShardKV).configPuller(0xc000161000)
	/home/jackson/projects/6.824/src/shardkv/server.go:672 +0x3d
created by 6.824/shardkv.StartServer
	/home/jackson/projects/6.824/src/shardkv/server.go:401 +0x52a

goroutine 78 [sleep]:
time.Sleep(0x1dcd6500)
	/usr/local/go/src/runtime/time.go:195 +0x135
6.824/shardkv.(*ShardKV).sendAreaChecker(0xc000161000)
	/home/jackson/projects/6.824/src/shardkv/server.go:727 +0x53
created by 6.824/shardkv.StartServer
	/home/jackson/projects/6.824/src/shardkv/server.go:402 +0x56a

goroutine 79 [sleep]:
time.Sleep(0x34a68658)
	/usr/local/go/src/runtime/time.go:195 +0x135
6.824/raft.(*Raft).ticker(0xc00012b1e0)
	/home/jackson/projects/6.824/src/raft/raft.go:831 +0xc5
created by 6.824/raft.Make
	/home/jackson/projects/6.824/src/raft/raft.go:1004 +0x33b

goroutine 80 [select]:
6.824/raft.(*Raft).heartbeats(0xc00012b1e0)
	/home/jackson/projects/6.824/src/raft/raft.go:860 +0xaa
created by 6.824/raft.Make
	/home/jackson/projects/6.824/src/raft/raft.go:1005 +0x378

goroutine 81 [sleep]:
time.Sleep(0x989680)
	/usr/local/go/src/runtime/time.go:195 +0x135
6.824/raft.(*Raft).applyChecker(0xc00012b1e0)
	/home/jackson/projects/6.824/src/raft/raft.go:898 +0x4f
created by 6.824/raft.Make
	/home/jackson/projects/6.824/src/raft/raft.go:1006 +0x3b6

goroutine 82 [sleep]:
time.Sleep(0x989680)
	/usr/local/go/src/runtime/time.go:195 +0x135
6.824/raft.(*Raft).commitChecker(0xc00012b1e0)
	/home/jackson/projects/6.824/src/raft/raft.go:923 +0x5a
created by 6.824/raft.Make
	/home/jackson/projects/6.824/src/raft/raft.go:1007 +0x3f6

goroutine 83 [chan receive, 9 minutes]:
6.824/shardkv.(*ShardKV).applyCheaker(0xc000161200)
	/home/jackson/projects/6.824/src/shardkv/server.go:409 +0x85
created by 6.824/shardkv.StartServer
	/home/jackson/projects/6.824/src/shardkv/server.go:400 +0x4ea

goroutine 84 [sleep]:
time.Sleep(0x5f5e100)
	/usr/local/go/src/runtime/time.go:195 +0x135
6.824/shardkv.(*ShardKV).configPuller(0xc000161200)
	/home/jackson/projects/6.824/src/shardkv/server.go:672 +0x3d
created by 6.824/shardkv.StartServer
	/home/jackson/projects/6.824/src/shardkv/server.go:401 +0x52a

goroutine 85 [sleep]:
time.Sleep(0x1dcd6500)
	/usr/local/go/src/runtime/time.go:195 +0x135
6.824/shardkv.(*ShardKV).sendAreaChecker(0xc000161200)
	/home/jackson/projects/6.824/src/shardkv/server.go:727 +0x53
created by 6.824/shardkv.StartServer
	/home/jackson/projects/6.824/src/shardkv/server.go:402 +0x56a

goroutine 2588 [chan receive, 9 minutes]:
6.824/labrpc.(*ClientEnd).Call(0xc0002fc660, {0x64d7be?, 0xc000190f60?}, {0x5f71c0, 0xc0002fc620}, {0x5f7200, 0xc0002fc640})
	/home/jackson/projects/6.824/src/labrpc/labrpc.go:115 +0x246
6.824/shardkv.rpcSender[...](0xc00014c100, 0xc000026500, 0x50?, {0x64d7be?, 0xb}, 0x5, {0xc0000acea0, 0x3, 0x3})
	/home/jackson/projects/6.824/src/shardkv/client.go:252 +0x145
created by 6.824/shardkv.(*Clerk).Get
	/home/jackson/projects/6.824/src/shardkv/client.go:91 +0x30a

goroutine 2590 [sync.Cond.Wait, 9 minutes]:
sync.runtime_notifyListWait(0xc00041e528, 0x9)
	/usr/local/go/src/runtime/sema.go:517 +0x14c
sync.(*Cond).Wait(0xc00041e500?)
	/usr/local/go/src/sync/cond.go:70 +0x8c
6.824/shardkv.(*ShardKV).Get(0xc000160800, 0xc0002fc820, 0xc000481dd0)
	/home/jackson/projects/6.824/src/shardkv/server.go:190 +0x690
reflect.Value.call({0xc00002b740?, 0xc000012c10?, 0xc000275b10?}, {0x64be2c, 0x4}, {0xc000275c68, 0x3, 0xc000275b40?})
	/usr/local/go/src/reflect/value.go:584 +0x8c5
reflect.Value.Call({0xc00002b740?, 0xc000012c10?, 0xc00018e9a8?}, {0xc000275c68?, 0xc000391400?, 0x55f2afa5?})
	/usr/local/go/src/reflect/value.go:368 +0xbc
6.824/labrpc.(*Service).dispatch(0xc00015a7c0, {0x64d7c6, 0x3}, {{0x601780, 0xc00034b480}, {0x64d7be, 0xb}, {0x6a7880, 0x5f71c0}, {0xc00047c230, ...}, ...})
	/home/jackson/projects/6.824/src/labrpc/labrpc.go:497 +0x38e
6.824/labrpc.(*Server).dispatch(0xc000010d38, {{0x601780, 0xc00034b480}, {0x64d7be, 0xb}, {0x6a7880, 0x5f71c0}, {0xc00047c230, 0x50, 0x50}, ...})
	/home/jackson/projects/6.824/src/labrpc/labrpc.go:421 +0x1fe
6.824/labrpc.(*Network).processReq.func1()
	/home/jackson/projects/6.824/src/labrpc/labrpc.go:243 +0x58
created by 6.824/labrpc.(*Network).processReq
	/home/jackson/projects/6.824/src/labrpc/labrpc.go:242 +0x1dd
exit status 2
FAIL	6.824/shardkv	600.009s
