Test: snapshots, join, and leave ...
006557 CLNT C1 commandId = 0 request 1 key = 0 value = kKmDY2ofOczvGtTH96Y8 shard = 8
007383 LEAD G101 start UpdataConfigOp configNum = 1 pre = 0
007498 LEAD G101 S1 Update config from 0 to 1
007592 LEAD G102 start UpdataConfigOp configNum = 1 pre = 0
007602 LEAD G102 S2 Update config from 0 to 1
007899 Group G100 receive Get ClientId = 1 CommandId = 0 Key = 0 shard = 8
008104 Group G100 receive Get ClientId = 1 CommandId = 0 Key = 0 shard = 8
008310 Group G100 receive Get ClientId = 1 CommandId = 0 Key = 0 shard = 8
008408 LEAD G101 S0 Update config from 0 to 1
008409 LEAD G100 start UpdataConfigOp configNum = 1 pre = 0
008410 Group G100 receive Get ClientId = 1 CommandId = 0 Key = 0 shard = 8
008423 LEAD G101 S2 Update config from 0 to 1
008517 LEAD G100 S0 Update config from 0 to 1
008624 Group G100 receive Get ClientId = 1 CommandId = 0 Key = 0 shard = 8
008624 LEAD G100 start {3 1 {0 8 kKmDY2ofOczvGtTH96Y8 1 1 0}}
008633 LEAD G102 S0 Update config from 0 to 1
008633 LEAD G102 S1 Update config from 0 to 1
008725 LEAD G100 S1 Update config from 0 to 1
008725 LEAD G100 S2 Update config from 0 to 1
008828 CLNT C1 commandId = 1 request 1 key = 1 value = Gzeta1S-4RukxWipATI0 shard = 9
008829 Group G100 receive Get ClientId = 1 CommandId = 1 Key = 1 shard = 9
008830 LEAD G100 start {3 1 {1 9 Gzeta1S-4RukxWipATI0 1 1 1}}
009034 CLNT C1 commandId = 2 request 1 key = 2 value = vT8V97P2xaUbYtPzuBOd shard = 0
009035 Group G100 receive Get ClientId = 1 CommandId = 2 Key = 2 shard = 0
009035 LEAD G100 start {3 1 {2 0 vT8V97P2xaUbYtPzuBOd 1 1 2}}
009242 CLNT C1 commandId = 3 request 1 key = 3 value = oJhhpsGU6p1N1zySN4kl shard = 1
009243 Group G100 receive Get ClientId = 1 CommandId = 3 Key = 3 shard = 1
009243 LEAD G100 start {3 1 {3 1 oJhhpsGU6p1N1zySN4kl 1 1 3}}
009345 CLNT C1 commandId = 4 request 1 key = 4 value = LcjiN3DPm-9caDjiBK9N shard = 2
009346 Group G100 receive Get ClientId = 1 CommandId = 4 Key = 4 shard = 2
009347 LEAD G100 start {3 1 {4 2 LcjiN3DPm-9caDjiBK9N 1 1 4}}
009554 CLNT C1 commandId = 5 request 1 key = 5 value = MnUntnAVW5JsIyFm36oZ shard = 3
009555 Group G100 receive Get ClientId = 1 CommandId = 5 Key = 5 shard = 3
009555 LEAD G100 start {3 1 {5 3 MnUntnAVW5JsIyFm36oZ 1 1 5}}
009763 CLNT C1 commandId = 6 request 1 key = 6 value = pGMlegn4c4wkUnwb8ieU shard = 4
009763 Group G100 receive Get ClientId = 1 CommandId = 6 Key = 6 shard = 4
009764 LEAD G100 start {3 1 {6 4 pGMlegn4c4wkUnwb8ieU 1 1 6}}
009866 CLNT C1 commandId = 7 request 1 key = 7 value = gnMylpD2ZzDaR1J4k3li shard = 5
009867 Group G100 receive Get ClientId = 1 CommandId = 7 Key = 7 shard = 5
009868 LEAD G100 start {3 1 {7 5 gnMylpD2ZzDaR1J4k3li 1 1 7}}
009968 CLNT C1 commandId = 8 request 1 key = 8 value = cm1mj_tSb_9vhvHpVUME shard = 6
009969 Group G100 receive Get ClientId = 1 CommandId = 8 Key = 8 shard = 6
009969 LEAD G100 start {3 1 {8 6 cm1mj_tSb_9vhvHpVUME 1 1 8}}
010177 CLNT C1 commandId = 9 request 1 key = 9 value = G2BBfEFxOxGmwiCBvgjM shard = 7
010177 Group G100 receive Get ClientId = 1 CommandId = 9 Key = 9 shard = 7
010178 LEAD G100 start {3 1 {9 7 G2BBfEFxOxGmwiCBvgjM 1 1 9}}
010280 CLNT C1 commandId = 10 request 1 key = 10 value = r3mYNRwnxFTfs6V5A1_J shard = 9
010281 Group G100 receive Get ClientId = 1 CommandId = 10 Key = 10 shard = 9
010281 LEAD G100 start {3 1 {10 9 r3mYNRwnxFTfs6V5A1_J 1 1 10}}
010491 CLNT C1 commandId = 11 request 1 key = 11 value = ikinBBSFT5cIb-WTAwcb shard = 9
010492 Group G100 receive Get ClientId = 1 CommandId = 11 Key = 11 shard = 9
010492 LEAD G100 start {3 1 {11 9 ikinBBSFT5cIb-WTAwcb 1 1 11}}
010596 CLNT C1 commandId = 12 request 1 key = 12 value = qT2rOPN2VcKq1fwATDZK shard = 9
010597 Group G100 receive Get ClientId = 1 CommandId = 12 Key = 12 shard = 9
010597 LEAD G100 start {3 1 {12 9 qT2rOPN2VcKq1fwATDZK 1 1 12}}
010700 CLNT C1 commandId = 13 request 1 key = 13 value = AHTvAyQfd8HLwzHg1OaQ shard = 9
010701 Group G100 receive Get ClientId = 1 CommandId = 13 Key = 13 shard = 9
010702 LEAD G100 start {3 1 {13 9 AHTvAyQfd8HLwzHg1OaQ 1 1 13}}
010908 CLNT C1 commandId = 14 request 1 key = 14 value = 32GxlFDhuy9rpGxLMPtH shard = 9
010909 Group G100 receive Get ClientId = 1 CommandId = 14 Key = 14 shard = 9
010909 LEAD G100 start {3 1 {14 9 32GxlFDhuy9rpGxLMPtH 1 1 14}}
011115 CLNT C1 commandId = 15 request 1 key = 15 value = -H3yuTGQMWrXtlISGeA2 shard = 9
011116 Group G100 receive Get ClientId = 1 CommandId = 15 Key = 15 shard = 9
011117 LEAD G100 start {3 1 {15 9 -H3yuTGQMWrXtlISGeA2 1 1 15}}
011322 CLNT C1 commandId = 16 request 1 key = 16 value = RCFMkXcuzGV5uC9rdNdR shard = 9
011323 Group G100 receive Get ClientId = 1 CommandId = 16 Key = 16 shard = 9
011324 LEAD G100 start {3 1 {16 9 RCFMkXcuzGV5uC9rdNdR 1 1 16}}
011530 CLNT C1 commandId = 17 request 1 key = 17 value = U1HyDFjXh9-7aZPutzPa shard = 9
011531 Group G100 receive Get ClientId = 1 CommandId = 17 Key = 17 shard = 9
011531 LEAD G100 start {3 1 {17 9 U1HyDFjXh9-7aZPutzPa 1 1 17}}
011635 CLNT C1 commandId = 18 request 1 key = 18 value = xL-QXfMZ6So79sBHK9WM shard = 9
011636 Group G100 receive Get ClientId = 1 CommandId = 18 Key = 18 shard = 9
011636 LEAD G100 start {3 1 {18 9 xL-QXfMZ6So79sBHK9WM 1 1 18}}
011844 CLNT C1 commandId = 19 request 1 key = 19 value = 9nfTkeKx9yr2KeF3GgZf shard = 9
011845 Group G100 receive Get ClientId = 1 CommandId = 19 Key = 19 shard = 9
011845 LEAD G100 start {3 1 {19 9 9nfTkeKx9yr2KeF3GgZf 1 1 19}}
012049 CLNT C1 commandId = 20 request 1 key = 20 value = BPgdFOBfl6SSUy8-Yp32 shard = 0
012050 Group G100 receive Get ClientId = 1 CommandId = 20 Key = 20 shard = 0
012051 LEAD G100 start {3 1 {20 0 BPgdFOBfl6SSUy8-Yp32 1 1 20}}
012255 CLNT C1 commandId = 21 request 1 key = 21 value = ptp_WY3My891j3T4r4UX shard = 0
012256 Group G100 receive Get ClientId = 1 CommandId = 21 Key = 21 shard = 0
012257 LEAD G100 start {3 1 {21 0 ptp_WY3My891j3T4r4UX 1 1 21}}
012358 CLNT C1 commandId = 22 request 1 key = 22 value = o6qVy_XVmnJway3e413u shard = 0
012359 Group G100 receive Get ClientId = 1 CommandId = 22 Key = 22 shard = 0
012360 LEAD G100 start {3 1 {22 0 o6qVy_XVmnJway3e413u 1 1 22}}
012457 CLNT C1 commandId = 23 request 1 key = 23 value = 9y8JZFe8WZLGuq-M3qN0 shard = 0
012458 Group G100 receive Get ClientId = 1 CommandId = 23 Key = 23 shard = 0
012459 LEAD G100 start {3 1 {23 0 9y8JZFe8WZLGuq-M3qN0 1 1 23}}
012666 CLNT C1 commandId = 24 request 1 key = 24 value = 2VlgBN-vKbei3a_s55vU shard = 0
012667 Group G100 receive Get ClientId = 1 CommandId = 24 Key = 24 shard = 0
012668 LEAD G100 start {3 1 {24 0 2VlgBN-vKbei3a_s55vU 1 1 24}}
012877 CLNT C1 commandId = 25 request 1 key = 25 value = Q3apgdFyCqFoWdAQSw6V shard = 0
012878 Group G100 receive Get ClientId = 1 CommandId = 25 Key = 25 shard = 0
012878 LEAD G100 start {3 1 {25 0 Q3apgdFyCqFoWdAQSw6V 1 1 25}}
012980 CLNT C1 commandId = 26 request 1 key = 26 value = JJCOJci56u997I_OwjAr shard = 0
012985 Group G100 receive Get ClientId = 1 CommandId = 26 Key = 26 shard = 0
012986 LEAD G100 start {3 1 {26 0 JJCOJci56u997I_OwjAr 1 1 26}}
013190 CLNT C1 commandId = 27 request 1 key = 27 value = sOPzBk1zRSNkjqPTkEc5 shard = 0
013191 Group G100 receive Get ClientId = 1 CommandId = 27 Key = 27 shard = 0
013191 LEAD G100 start {3 1 {27 0 sOPzBk1zRSNkjqPTkEc5 1 1 27}}
013396 CLNT C1 commandId = 28 request 1 key = 28 value = yM6fmzWhXuwYUXgl2ccK shard = 0
013397 Group G100 receive Get ClientId = 1 CommandId = 28 Key = 28 shard = 0
013398 LEAD G100 start {3 1 {28 0 yM6fmzWhXuwYUXgl2ccK 1 1 28}}
013604 CLNT C1 commandId = 29 request 1 key = 29 value = l5xoDBvIgQ3JDHbfcVuz shard = 0
013605 Group G100 receive Get ClientId = 1 CommandId = 29 Key = 29 shard = 0
013605 LEAD G100 start {3 1 {29 0 l5xoDBvIgQ3JDHbfcVuz 1 1 29}}
013813 CLNT C1 commandId = 30 request Get key = 0 shard = 8
013815 Group G100 receive Get ClientId = 1 CommandId = 30 Key = 0 shard = 8
013815 LEAD G100 start {0 1 {0 8 1 30}}
014022 CLNT C1 commandId = 31 request Get key = 1 shard = 9
014023 Group G100 receive Get ClientId = 1 CommandId = 31 Key = 1 shard = 9
014024 LEAD G100 start {0 1 {1 9 1 31}}
014127 CLNT C1 commandId = 32 request Get key = 2 shard = 0
014128 Group G100 receive Get ClientId = 1 CommandId = 32 Key = 2 shard = 0
014128 LEAD G100 start {0 1 {2 0 1 32}}
014333 CLNT C1 commandId = 33 request Get key = 3 shard = 1
014334 Group G100 receive Get ClientId = 1 CommandId = 33 Key = 3 shard = 1
014334 LEAD G100 start {0 1 {3 1 1 33}}
014540 CLNT C1 commandId = 34 request Get key = 4 shard = 2
014541 Group G100 receive Get ClientId = 1 CommandId = 34 Key = 4 shard = 2
014542 LEAD G100 start {0 1 {4 2 1 34}}
014746 CLNT C1 commandId = 35 request Get key = 5 shard = 3
014748 Group G100 receive Get ClientId = 1 CommandId = 35 Key = 5 shard = 3
014748 LEAD G100 start {0 1 {5 3 1 35}}
014849 CLNT C1 commandId = 36 request Get key = 6 shard = 4
014850 Group G100 receive Get ClientId = 1 CommandId = 36 Key = 6 shard = 4
014850 LEAD G100 start {0 1 {6 4 1 36}}
015061 CLNT C1 commandId = 37 request Get key = 7 shard = 5
015062 Group G100 receive Get ClientId = 1 CommandId = 37 Key = 7 shard = 5
015063 LEAD G100 start {0 1 {7 5 1 37}}
015166 CLNT C1 commandId = 38 request Get key = 8 shard = 6
015168 Group G100 receive Get ClientId = 1 CommandId = 38 Key = 8 shard = 6
015168 LEAD G100 start {0 1 {8 6 1 38}}
015373 CLNT C1 commandId = 39 request Get key = 9 shard = 7
015374 Group G100 receive Get ClientId = 1 CommandId = 39 Key = 9 shard = 7
015375 LEAD G100 start {0 1 {9 7 1 39}}
015578 CLNT C1 commandId = 40 request Get key = 10 shard = 9
015579 Group G100 receive Get ClientId = 1 CommandId = 40 Key = 10 shard = 9
015579 LEAD G100 start {0 1 {10 9 1 40}}
015784 CLNT C1 commandId = 41 request Get key = 11 shard = 9
015785 Group G100 receive Get ClientId = 1 CommandId = 41 Key = 11 shard = 9
015785 LEAD G100 start {0 1 {11 9 1 41}}
015990 CLNT C1 commandId = 42 request Get key = 12 shard = 9
015991 Group G100 receive Get ClientId = 1 CommandId = 42 Key = 12 shard = 9
015991 LEAD G100 start {0 1 {12 9 1 42}}
016196 CLNT C1 commandId = 43 request Get key = 13 shard = 9
016197 Group G100 receive Get ClientId = 1 CommandId = 43 Key = 13 shard = 9
016198 LEAD G100 start {0 1 {13 9 1 43}}
016302 CLNT C1 commandId = 44 request Get key = 14 shard = 9
016303 Group G100 receive Get ClientId = 1 CommandId = 44 Key = 14 shard = 9
016304 LEAD G100 start {0 1 {14 9 1 44}}
016508 CLNT C1 commandId = 45 request Get key = 15 shard = 9
016509 Group G100 receive Get ClientId = 1 CommandId = 45 Key = 15 shard = 9
016509 LEAD G100 start {0 1 {15 9 1 45}}
016716 CLNT C1 commandId = 46 request Get key = 16 shard = 9
016717 Group G100 receive Get ClientId = 1 CommandId = 46 Key = 16 shard = 9
016717 LEAD G100 start {0 1 {16 9 1 46}}
016920 CLNT C1 commandId = 47 request Get key = 17 shard = 9
016921 Group G100 receive Get ClientId = 1 CommandId = 47 Key = 17 shard = 9
016921 LEAD G100 start {0 1 {17 9 1 47}}
017128 CLNT C1 commandId = 48 request Get key = 18 shard = 9
017129 Group G100 receive Get ClientId = 1 CommandId = 48 Key = 18 shard = 9
017129 LEAD G100 start {0 1 {18 9 1 48}}
017337 CLNT C1 commandId = 49 request Get key = 19 shard = 9
017338 Group G100 receive Get ClientId = 1 CommandId = 49 Key = 19 shard = 9
017339 LEAD G100 start {0 1 {19 9 1 49}}
017544 CLNT C1 commandId = 50 request Get key = 20 shard = 0
017545 Group G100 receive Get ClientId = 1 CommandId = 50 Key = 20 shard = 0
017545 LEAD G100 start {0 1 {20 0 1 50}}
017646 CLNT C1 commandId = 51 request Get key = 21 shard = 0
017647 Group G100 receive Get ClientId = 1 CommandId = 51 Key = 21 shard = 0
017647 LEAD G100 start {0 1 {21 0 1 51}}
017851 CLNT C1 commandId = 52 request Get key = 22 shard = 0
017851 Group G100 receive Get ClientId = 1 CommandId = 52 Key = 22 shard = 0
017852 LEAD G100 start {0 1 {22 0 1 52}}
017955 CLNT C1 commandId = 53 request Get key = 23 shard = 0
017956 Group G100 receive Get ClientId = 1 CommandId = 53 Key = 23 shard = 0
017956 LEAD G100 start {0 1 {23 0 1 53}}
018163 CLNT C1 commandId = 54 request Get key = 24 shard = 0
018164 Group G100 receive Get ClientId = 1 CommandId = 54 Key = 24 shard = 0
018164 LEAD G100 start {0 1 {24 0 1 54}}
018371 CLNT C1 commandId = 55 request Get key = 25 shard = 0
018372 Group G100 receive Get ClientId = 1 CommandId = 55 Key = 25 shard = 0
018372 LEAD G100 start {0 1 {25 0 1 55}}
018580 CLNT C1 commandId = 56 request Get key = 26 shard = 0
018581 Group G100 receive Get ClientId = 1 CommandId = 56 Key = 26 shard = 0
018581 LEAD G100 start {0 1 {26 0 1 56}}
018785 CLNT C1 commandId = 57 request Get key = 27 shard = 0
018789 Group G100 receive Get ClientId = 1 CommandId = 57 Key = 27 shard = 0
018790 LEAD G100 start {0 1 {27 0 1 57}}
018991 CLNT C1 commandId = 58 request Get key = 28 shard = 0
018992 Group G100 receive Get ClientId = 1 CommandId = 58 Key = 28 shard = 0
018993 LEAD G100 start {0 1 {28 0 1 58}}
019198 CLNT C1 commandId = 59 request Get key = 29 shard = 0
019199 Group G100 receive Get ClientId = 1 CommandId = 59 Key = 29 shard = 0
019200 LEAD G100 start {0 1 {29 0 1 59}}
019924 CLNT C1 commandId = 60 request Get key = 0 shard = 8
019925 Group G100 receive Get ClientId = 1 CommandId = 60 Key = 0 shard = 8
019925 LEAD G100 start {0 1 {0 8 1 60}}
020132 CLNT C1 commandId = 61 request 2 key = 0 value = q4U4KliPL-YefqAql_Sy shard = 8
020133 Group G100 receive Get ClientId = 1 CommandId = 61 Key = 0 shard = 8
020133 LEAD G100 start {3 1 {0 8 q4U4KliPL-YefqAql_Sy 2 1 61}}
020338 CLNT C1 commandId = 62 request Get key = 1 shard = 9
020340 Group G100 receive Get ClientId = 1 CommandId = 62 Key = 1 shard = 9
020340 LEAD G100 start {0 1 {1 9 1 62}}
020551 LEAD G101 start UpdataConfigOp configNum = 4 pre = 1
020551 CLNT C1 commandId = 63 request 2 key = 1 value = yb1llTZ3gl9-wegGcjMe shard = 9
020552 LEAD G102 start UpdataConfigOp configNum = 4 pre = 1
020554 Group G100 receive Get ClientId = 1 CommandId = 63 Key = 1 shard = 9
020555 LEAD G100 start UpdataConfigOp configNum = 4 pre = 1
020555 LEAD G100 start {3 1 {1 9 yb1llTZ3gl9-wegGcjMe 2 1 63}}
020649 LEAD G101 S1 Update config from 1 to 4
020650 LEAD G100 S0 Update config from 1 to 4
020651 CLNT C1 commandId = 64 request Get key = 2 shard = 0
020653 Group G100 receive Get ClientId = 1 CommandId = 64 Key = 2 shard = 0
020756 LEAD G102 S2 Update config from 1 to 4
021581 LEAD G101 S2 Update config from 1 to 4
021581 LEAD G102 S0 Update config from 1 to 4
021581 LEAD G102 S1 Update config from 1 to 4
021581 LEAD G101 S0 Update config from 1 to 4
021582 LEAD G100 S1 Update config from 1 to 4
021582 LEAD G100 S2 Update config from 1 to 4
023879 Group G101 receive Get ClientId = 1 CommandId = 64 Key = 2 shard = 0
025030 Group G100 send bag targetGroup = 101 shard = 5 config = 4 map = map[7:gnMylpD2ZzDaR1J4k3li]
025031 Group G100 send bag targetGroup = 101 shard = 7 config = 4 map = map[9:G2BBfEFxOxGmwiCBvgjM]
025031 Group G100 send bag targetGroup = 101 shard = 1 config = 4 map = map[3:oJhhpsGU6p1N1zySN4kl]
025031 Group G100 send bag targetGroup = 102 shard = 8 config = 4 map = map[0:kKmDY2ofOczvGtTH96Y8q4U4KliPL-YefqAql_Sy]
025031 Group G100 send bag targetGroup = 102 shard = 9 config = 4 map = map[1:Gzeta1S-4RukxWipATI0yb1llTZ3gl9-wegGcjMe 10:r3mYNRwnxFTfs6V5A1_J 11:ikinBBSFT5cIb-WTAwcb 12:qT2rOPN2VcKq1fwATDZK 13:AHTvAyQfd8HLwzHg1OaQ 14:32GxlFDhuy9rpGxLMPtH 15:-H3yuTGQMWrXtlISGeA2 16:RCFMkXcuzGV5uC9rdNdR 17:U1HyDFjXh9-7aZPutzPa 18:xL-QXfMZ6So79sBHK9WM 19:9nfTkeKx9yr2KeF3GgZf]
025031 Group G100 send bag targetGroup = 101 shard = 0 config = 4 map = map[2:vT8V97P2xaUbYtPzuBOd 20:BPgdFOBfl6SSUy8-Yp32 21:ptp_WY3My891j3T4r4UX 22:o6qVy_XVmnJway3e413u 23:9y8JZFe8WZLGuq-M3qN0 24:2VlgBN-vKbei3a_s55vU 25:Q3apgdFyCqFoWdAQSw6V 26:JJCOJci56u997I_OwjAr 27:sOPzBk1zRSNkjqPTkEc5 28:yM6fmzWhXuwYUXgl2ccK 29:l5xoDBvIgQ3JDHbfcVuz]
025031 Group G100 send bag targetGroup = 102 shard = 3 config = 4 map = map[5:MnUntnAVW5JsIyFm36oZ]
025031 Group G100 send bag targetGroup = 101 shard = 6 config = 4 map = map[8:cm1mj_tSb_9vhvHpVUME]
025031 Group G100 send bag targetGroup = 102 shard = 4 config = 4 map = map[6:pGMlegn4c4wkUnwb8ieU]
025031 Group G100 send bag targetGroup = 102 shard = 2 config = 4 map = map[4:LcjiN3DPm-9caDjiBK9N]
025034 LEAD G101 receive MigrateInstall newConfigNum = 4 curConfigNum = 4 shard = 1
025034 LEAD G101 start MigrateInstall operation = {5 4 {4 1 map[3:oJhhpsGU6p1N1zySN4kl]}}
025035 LEAD G101 receive MigrateInstall newConfigNum = 4 curConfigNum = 4 shard = 6
025035 LEAD G101 start MigrateInstall operation = {5 4 {4 6 map[8:cm1mj_tSb_9vhvHpVUME]}}
025035 LEAD G101 receive MigrateInstall newConfigNum = 4 curConfigNum = 4 shard = 5
025037 LEAD G101 start MigrateInstall operation = {5 4 {4 5 map[7:gnMylpD2ZzDaR1J4k3li]}}
025039 LEAD G102 receive MigrateInstall newConfigNum = 4 curConfigNum = 4 shard = 4
025039 LEAD G102 start MigrateInstall operation = {5 4 {4 4 map[6:pGMlegn4c4wkUnwb8ieU]}}
025040 LEAD G101 receive MigrateInstall newConfigNum = 4 curConfigNum = 4 shard = 0
025040 LEAD G101 start MigrateInstall operation = {5 4 {4 0 map[2:vT8V97P2xaUbYtPzuBOd 20:BPgdFOBfl6SSUy8-Yp32 21:ptp_WY3My891j3T4r4UX 22:o6qVy_XVmnJway3e413u 23:9y8JZFe8WZLGuq-M3qN0 24:2VlgBN-vKbei3a_s55vU 25:Q3apgdFyCqFoWdAQSw6V 26:JJCOJci56u997I_OwjAr 27:sOPzBk1zRSNkjqPTkEc5 28:yM6fmzWhXuwYUXgl2ccK 29:l5xoDBvIgQ3JDHbfcVuz]}}
025041 LEAD G102 receive MigrateInstall newConfigNum = 4 curConfigNum = 4 shard = 9
025041 LEAD G102 start MigrateInstall operation = {5 4 {4 9 map[1:Gzeta1S-4RukxWipATI0yb1llTZ3gl9-wegGcjMe 10:r3mYNRwnxFTfs6V5A1_J 11:ikinBBSFT5cIb-WTAwcb 12:qT2rOPN2VcKq1fwATDZK 13:AHTvAyQfd8HLwzHg1OaQ 14:32GxlFDhuy9rpGxLMPtH 15:-H3yuTGQMWrXtlISGeA2 16:RCFMkXcuzGV5uC9rdNdR 17:U1HyDFjXh9-7aZPutzPa 18:xL-QXfMZ6So79sBHK9WM 19:9nfTkeKx9yr2KeF3GgZf]}}
025042 LEAD G102 receive MigrateInstall newConfigNum = 4 curConfigNum = 4 shard = 3
025042 LEAD G102 start MigrateInstall operation = {5 4 {4 3 map[5:MnUntnAVW5JsIyFm36oZ]}}
025042 LEAD G102 receive MigrateInstall newConfigNum = 4 curConfigNum = 4 shard = 2
025042 LEAD G102 receive MigrateInstall newConfigNum = 4 curConfigNum = 4 shard = 8
025043 LEAD G102 start MigrateInstall operation = {5 4 {4 8 map[0:kKmDY2ofOczvGtTH96Y8q4U4KliPL-YefqAql_Sy]}}
025043 LEAD G102 start MigrateInstall operation = {5 4 {4 2 map[4:LcjiN3DPm-9caDjiBK9N]}}
025044 LEAD G101 receive MigrateInstall newConfigNum = 4 curConfigNum = 4 shard = 7
025044 LEAD G101 start MigrateInstall operation = {5 4 {4 7 map[9:G2BBfEFxOxGmwiCBvgjM]}}
025129 LEAD G102 S2 install shard = 4 database = map[6:pGMlegn4c4wkUnwb8ieU]
025129 LEAD G102 S2 install shard = 9 database = map[1:Gzeta1S-4RukxWipATI0yb1llTZ3gl9-wegGcjMe 10:r3mYNRwnxFTfs6V5A1_J 11:ikinBBSFT5cIb-WTAwcb 12:qT2rOPN2VcKq1fwATDZK 13:AHTvAyQfd8HLwzHg1OaQ 14:32GxlFDhuy9rpGxLMPtH 15:-H3yuTGQMWrXtlISGeA2 16:RCFMkXcuzGV5uC9rdNdR 17:U1HyDFjXh9-7aZPutzPa 18:xL-QXfMZ6So79sBHK9WM 19:9nfTkeKx9yr2KeF3GgZf]
025130 LEAD G102 S2 install shard = 3 database = map[5:MnUntnAVW5JsIyFm36oZ]
025130 LEAD G101 S2 install shard = 1 database = map[3:oJhhpsGU6p1N1zySN4kl]
025130 LEAD G102 S2 install shard = 8 database = map[0:kKmDY2ofOczvGtTH96Y8q4U4KliPL-YefqAql_Sy]
025130 LEAD G101 S2 install shard = 6 database = map[8:cm1mj_tSb_9vhvHpVUME]
025131 LEAD G102 S2 install shard = 2 database = map[4:LcjiN3DPm-9caDjiBK9N]
025140 LEAD G101 S1 install shard = 1 database = map[3:oJhhpsGU6p1N1zySN4kl]
025140 LEAD G101 S1 install shard = 6 database = map[8:cm1mj_tSb_9vhvHpVUME]
025140 LEAD G101 S1 install shard = 5 database = map[7:gnMylpD2ZzDaR1J4k3li]
025141 LEAD G101 S1 install shard = 0 database = map[2:vT8V97P2xaUbYtPzuBOd 20:BPgdFOBfl6SSUy8-Yp32 21:ptp_WY3My891j3T4r4UX 22:o6qVy_XVmnJway3e413u 23:9y8JZFe8WZLGuq-M3qN0 24:2VlgBN-vKbei3a_s55vU 25:Q3apgdFyCqFoWdAQSw6V 26:JJCOJci56u997I_OwjAr 27:sOPzBk1zRSNkjqPTkEc5 28:yM6fmzWhXuwYUXgl2ccK 29:l5xoDBvIgQ3JDHbfcVuz]
025141 LEAD G101 S1 install shard = 7 database = map[9:G2BBfEFxOxGmwiCBvgjM]
025141 LEAD G101 S0 install shard = 1 database = map[3:oJhhpsGU6p1N1zySN4kl]
025141 LEAD G101 S0 install shard = 6 database = map[8:cm1mj_tSb_9vhvHpVUME]
025246 Group G100 delete sendingDatabase shard = 4 config = 4
025246 Group G100 delete sendingDatabase shard = 4 config = 4
025246 Group G100 delete sendingDatabase shard = 4 config = 4
025349 Group G100 delete sendingDatabase shard = 8 config = 4
025349 Group G100 delete sendingDatabase shard = 3 config = 4
025349 Group G100 delete sendingDatabase shard = 9 config = 4
025349 Group G100 delete sendingDatabase shard = 2 config = 4
025349 Group G100 delete sendingDatabase shard = 1 config = 4
025350 Group G100 delete sendingDatabase shard = 5 config = 4
025350 Group G100 delete sendingDatabase shard = 6 config = 4
025350 Group G100 delete sendingDatabase shard = 7 config = 4
025350 Group G100 delete sendingDatabase shard = 0 config = 4
026062 LEAD G101 S2 install shard = 5 database = map[7:gnMylpD2ZzDaR1J4k3li]
026062 LEAD G102 S0 install shard = 4 database = map[6:pGMlegn4c4wkUnwb8ieU]
026062 LEAD G101 S2 install shard = 0 database = map[2:vT8V97P2xaUbYtPzuBOd 20:BPgdFOBfl6SSUy8-Yp32 21:ptp_WY3My891j3T4r4UX 22:o6qVy_XVmnJway3e413u 23:9y8JZFe8WZLGuq-M3qN0 24:2VlgBN-vKbei3a_s55vU 25:Q3apgdFyCqFoWdAQSw6V 26:JJCOJci56u997I_OwjAr 27:sOPzBk1zRSNkjqPTkEc5 28:yM6fmzWhXuwYUXgl2ccK 29:l5xoDBvIgQ3JDHbfcVuz]
026062 LEAD G102 S0 install shard = 9 database = map[1:Gzeta1S-4RukxWipATI0yb1llTZ3gl9-wegGcjMe 10:r3mYNRwnxFTfs6V5A1_J 11:ikinBBSFT5cIb-WTAwcb 12:qT2rOPN2VcKq1fwATDZK 13:AHTvAyQfd8HLwzHg1OaQ 14:32GxlFDhuy9rpGxLMPtH 15:-H3yuTGQMWrXtlISGeA2 16:RCFMkXcuzGV5uC9rdNdR 17:U1HyDFjXh9-7aZPutzPa 18:xL-QXfMZ6So79sBHK9WM 19:9nfTkeKx9yr2KeF3GgZf]
026062 LEAD G101 S2 install shard = 7 database = map[9:G2BBfEFxOxGmwiCBvgjM]
026062 LEAD G102 S1 install shard = 4 database = map[6:pGMlegn4c4wkUnwb8ieU]
026062 LEAD G102 S0 install shard = 3 database = map[5:MnUntnAVW5JsIyFm36oZ]
026062 LEAD G102 S0 install shard = 8 database = map[0:kKmDY2ofOczvGtTH96Y8q4U4KliPL-YefqAql_Sy]
026062 LEAD G102 S0 install shard = 2 database = map[4:LcjiN3DPm-9caDjiBK9N]
026062 LEAD G102 S1 install shard = 9 database = map[1:Gzeta1S-4RukxWipATI0yb1llTZ3gl9-wegGcjMe 10:r3mYNRwnxFTfs6V5A1_J 11:ikinBBSFT5cIb-WTAwcb 12:qT2rOPN2VcKq1fwATDZK 13:AHTvAyQfd8HLwzHg1OaQ 14:32GxlFDhuy9rpGxLMPtH 15:-H3yuTGQMWrXtlISGeA2 16:RCFMkXcuzGV5uC9rdNdR 17:U1HyDFjXh9-7aZPutzPa 18:xL-QXfMZ6So79sBHK9WM 19:9nfTkeKx9yr2KeF3GgZf]
026062 LEAD G102 S1 install shard = 3 database = map[5:MnUntnAVW5JsIyFm36oZ]
026062 LEAD G102 S1 install shard = 8 database = map[0:kKmDY2ofOczvGtTH96Y8q4U4KliPL-YefqAql_Sy]
026062 LEAD G102 S1 install shard = 2 database = map[4:LcjiN3DPm-9caDjiBK9N]
026073 LEAD G101 S0 install shard = 5 database = map[7:gnMylpD2ZzDaR1J4k3li]
026073 LEAD G101 S0 install shard = 0 database = map[2:vT8V97P2xaUbYtPzuBOd 20:BPgdFOBfl6SSUy8-Yp32 21:ptp_WY3My891j3T4r4UX 22:o6qVy_XVmnJway3e413u 23:9y8JZFe8WZLGuq-M3qN0 24:2VlgBN-vKbei3a_s55vU 25:Q3apgdFyCqFoWdAQSw6V 26:JJCOJci56u997I_OwjAr 27:sOPzBk1zRSNkjqPTkEc5 28:yM6fmzWhXuwYUXgl2ccK 29:l5xoDBvIgQ3JDHbfcVuz]
026073 LEAD G101 S0 install shard = 7 database = map[9:G2BBfEFxOxGmwiCBvgjM]
026177 Group G100 delete sendingDatabase shard = 8 config = 4
026178 Group G100 delete sendingDatabase shard = 3 config = 4
026178 Group G100 delete sendingDatabase shard = 8 config = 4
026178 Group G100 delete sendingDatabase shard = 3 config = 4
026178 Group G100 delete sendingDatabase shard = 9 config = 4
026178 Group G100 delete sendingDatabase shard = 2 config = 4
026178 Group G100 delete sendingDatabase shard = 1 config = 4
026178 Group G100 delete sendingDatabase shard = 5 config = 4
026178 Group G100 delete sendingDatabase shard = 6 config = 4
026178 Group G100 delete sendingDatabase shard = 7 config = 4
026178 Group G100 delete sendingDatabase shard = 0 config = 4
026178 Group G100 delete sendingDatabase shard = 9 config = 4
026178 Group G100 delete sendingDatabase shard = 2 config = 4
026178 Group G100 delete sendingDatabase shard = 1 config = 4
026178 Group G100 delete sendingDatabase shard = 5 config = 4
026178 Group G100 delete sendingDatabase shard = 6 config = 4
026178 Group G100 delete sendingDatabase shard = 7 config = 4
026178 Group G100 delete sendingDatabase shard = 0 config = 4
027222 Group G101 receive Get ClientId = 1 CommandId = 64 Key = 2 shard = 0
027223 LEAD G101 start {0 4 {2 0 1 64}}
027417 CLNT C1 commandId = 65 request 2 key = 2 value = bRlRBKkePcD606wNUMKx shard = 0
027418 Group G101 receive Get ClientId = 1 CommandId = 65 Key = 2 shard = 0
027419 LEAD G101 start {3 4 {2 0 bRlRBKkePcD606wNUMKx 2 1 65}}
027519 CLNT C1 commandId = 66 request Get key = 3 shard = 1
028525 Group G101 receive Get ClientId = 1 CommandId = 66 Key = 3 shard = 1
028526 LEAD G101 start {0 4 {3 1 1 66}}
028557 CLNT C1 commandId = 67 request 2 key = 3 value = JvFIR1Z1htdqKw_if7Ig shard = 1
028558 Group G101 receive Get ClientId = 1 CommandId = 67 Key = 3 shard = 1
028559 LEAD G101 start {3 4 {3 1 JvFIR1Z1htdqKw_if7Ig 2 1 67}}
028761 CLNT C1 commandId = 68 request Get key = 4 shard = 2
036812 Group G102 receive Get ClientId = 1 CommandId = 68 Key = 4 shard = 2
036814 LEAD G102 start {0 4 {4 2 1 68}}
036965 CLNT C1 commandId = 69 request 2 key = 4 value = o19cJQAtmoalL5sAJMHF shard = 2
036966 Group G102 receive Get ClientId = 1 CommandId = 69 Key = 4 shard = 2
036966 LEAD G102 start {3 4 {4 2 o19cJQAtmoalL5sAJMHF 2 1 69}}
037174 CLNT C1 commandId = 70 request Get key = 5 shard = 3
084500 Group G102 receive Get ClientId = 1 CommandId = 70 Key = 5 shard = 3
084559 LEAD G102 start {0 4 {5 3 1 70}}
panic: test timed out after 10m0s

goroutine 254332 [running]:
testing.(*M).startAlarm.func1()
	/usr/local/go/src/testing/testing.go:2036 +0x8e
created by time.goFunc
	/usr/local/go/src/time/sleep.go:176 +0x32

goroutine 1 [chan receive, 9 minutes]:
testing.(*T).Run(0xc0001361a0, {0x64dc33?, 0x4fdc25?}, 0x6647a8)
	/usr/local/go/src/testing/testing.go:1494 +0x37a
testing.runTests.func1(0xc0001361a0?)
	/usr/local/go/src/testing/testing.go:1846 +0x6e
testing.tRunner(0xc0001361a0, 0xc00005dcd8)
	/usr/local/go/src/testing/testing.go:1446 +0x10b
testing.runTests(0xc000000140?, {0x7e48a0, 0xd, 0xd}, {0x7f8a8f0a6108?, 0x40?, 0x7e9220?})
	/usr/local/go/src/testing/testing.go:1844 +0x456
testing.(*M).Run(0xc000000140)
	/usr/local/go/src/testing/testing.go:1726 +0x5d9
main.main()
	_testmain.go:71 +0x1aa

goroutine 6 [select]:
6.824/shardkv.(*Clerk).Get(0xc00014c100, {0x655a05, 0x1})
	/home/jackson/projects/6.824/src/shardkv/client.go:94 +0x385
6.824/shardkv.check(0xc000136340, 0xc00021ea40?, {0x655a05, 0x1}, {0xc000504780, 0x14})
	/home/jackson/projects/6.824/src/shardkv/test_test.go:20 +0x4e
6.824/shardkv.TestSnapshot(0x0?)
	/home/jackson/projects/6.824/src/shardkv/test_test.go:178 +0x397
testing.tRunner(0xc000136340, 0x6647a8)
	/usr/local/go/src/testing/testing.go:1446 +0x10b
created by testing.(*T).Run
	/usr/local/go/src/testing/testing.go:1493 +0x35f

goroutine 7 [runnable]:
6.824/labrpc.MakeNetwork.func1()
	/home/jackson/projects/6.824/src/labrpc/labrpc.go:156 +0xb8
created by 6.824/labrpc.MakeNetwork
	/home/jackson/projects/6.824/src/labrpc/labrpc.go:154 +0x17c

goroutine 8 [sleep]:
time.Sleep(0x1e57e670)
	/usr/local/go/src/runtime/time.go:195 +0x135
6.824/raft.(*Raft).ticker(0xc00012a2c0)
	/home/jackson/projects/6.824/src/raft/raft.go:831 +0xc5
created by 6.824/raft.Make
	/home/jackson/projects/6.824/src/raft/raft.go:1004 +0x33b

goroutine 9 [select]:
6.824/raft.(*Raft).heartbeats(0xc00012a2c0)
	/home/jackson/projects/6.824/src/raft/raft.go:860 +0xaa
created by 6.824/raft.Make
	/home/jackson/projects/6.824/src/raft/raft.go:1005 +0x378

goroutine 10 [sleep]:
time.Sleep(0x989680)
	/usr/local/go/src/runtime/time.go:195 +0x135
6.824/raft.(*Raft).applyChecker(0xc00012a2c0)
	/home/jackson/projects/6.824/src/raft/raft.go:898 +0x4f
created by 6.824/raft.Make
	/home/jackson/projects/6.824/src/raft/raft.go:1006 +0x3b6

goroutine 11 [sleep]:
time.Sleep(0x989680)
	/usr/local/go/src/runtime/time.go:195 +0x135
6.824/raft.(*Raft).commitChecker(0xc00012a2c0)
	/home/jackson/projects/6.824/src/raft/raft.go:923 +0x5a
created by 6.824/raft.Make
	/home/jackson/projects/6.824/src/raft/raft.go:1007 +0x3f6

goroutine 12 [chan receive]:
6.824/shardctrler.(*ShardCtrler).applyCheaker(0xc000126240)
	/home/jackson/projects/6.824/src/shardctrler/server.go:366 +0x85
created by 6.824/shardctrler.StartServer
	/home/jackson/projects/6.824/src/shardctrler/server.go:360 +0x46f

goroutine 13 [sleep]:
time.Sleep(0x3897ec25)
	/usr/local/go/src/runtime/time.go:195 +0x135
6.824/raft.(*Raft).ticker(0xc00012a420)
	/home/jackson/projects/6.824/src/raft/raft.go:831 +0xc5
created by 6.824/raft.Make
	/home/jackson/projects/6.824/src/raft/raft.go:1004 +0x33b

goroutine 14 [select]:
6.824/raft.(*Raft).heartbeats(0xc00012a420)
	/home/jackson/projects/6.824/src/raft/raft.go:860 +0xaa
created by 6.824/raft.Make
	/home/jackson/projects/6.824/src/raft/raft.go:1005 +0x378

goroutine 15 [sleep]:
time.Sleep(0x989680)
	/usr/local/go/src/runtime/time.go:195 +0x135
6.824/raft.(*Raft).applyChecker(0xc00012a420)
	/home/jackson/projects/6.824/src/raft/raft.go:898 +0x4f
created by 6.824/raft.Make
	/home/jackson/projects/6.824/src/raft/raft.go:1006 +0x3b6

goroutine 16 [sleep]:
time.Sleep(0x989680)
	/usr/local/go/src/runtime/time.go:195 +0x135
6.824/raft.(*Raft).commitChecker(0xc00012a420)
	/home/jackson/projects/6.824/src/raft/raft.go:923 +0x5a
created by 6.824/raft.Make
	/home/jackson/projects/6.824/src/raft/raft.go:1007 +0x3f6

goroutine 17 [chan receive]:
6.824/shardctrler.(*ShardCtrler).applyCheaker(0xc000126360)
	/home/jackson/projects/6.824/src/shardctrler/server.go:366 +0x85
created by 6.824/shardctrler.StartServer
	/home/jackson/projects/6.824/src/shardctrler/server.go:360 +0x46f

goroutine 18 [sleep]:
time.Sleep(0x2db84695)
	/usr/local/go/src/runtime/time.go:195 +0x135
6.824/raft.(*Raft).ticker(0xc00012a580)
	/home/jackson/projects/6.824/src/raft/raft.go:831 +0xc5
created by 6.824/raft.Make
	/home/jackson/projects/6.824/src/raft/raft.go:1004 +0x33b

goroutine 19 [select]:
6.824/raft.(*Raft).heartbeats(0xc00012a580)
	/home/jackson/projects/6.824/src/raft/raft.go:860 +0xaa
created by 6.824/raft.Make
	/home/jackson/projects/6.824/src/raft/raft.go:1005 +0x378

goroutine 20 [sleep]:
time.Sleep(0x989680)
	/usr/local/go/src/runtime/time.go:195 +0x135
6.824/raft.(*Raft).applyChecker(0xc00012a580)
	/home/jackson/projects/6.824/src/raft/raft.go:898 +0x4f
created by 6.824/raft.Make
	/home/jackson/projects/6.824/src/raft/raft.go:1006 +0x3b6

goroutine 21 [sleep]:
time.Sleep(0x989680)
	/usr/local/go/src/runtime/time.go:195 +0x135
6.824/raft.(*Raft).commitChecker(0xc00012a580)
	/home/jackson/projects/6.824/src/raft/raft.go:923 +0x5a
created by 6.824/raft.Make
	/home/jackson/projects/6.824/src/raft/raft.go:1007 +0x3f6

goroutine 22 [chan receive]:
6.824/shardctrler.(*ShardCtrler).applyCheaker(0xc000126480)
	/home/jackson/projects/6.824/src/shardctrler/server.go:366 +0x85
created by 6.824/shardctrler.StartServer
	/home/jackson/projects/6.824/src/shardctrler/server.go:360 +0x46f

goroutine 23 [sleep]:
time.Sleep(0x353ae67a)
	/usr/local/go/src/runtime/time.go:195 +0x135
6.824/raft.(*Raft).ticker(0xc00012a6e0)
	/home/jackson/projects/6.824/src/raft/raft.go:831 +0xc5
created by 6.824/raft.Make
	/home/jackson/projects/6.824/src/raft/raft.go:1004 +0x33b

goroutine 24 [select]:
6.824/raft.(*Raft).heartbeats(0xc00012a6e0)
	/home/jackson/projects/6.824/src/raft/raft.go:860 +0xaa
created by 6.824/raft.Make
	/home/jackson/projects/6.824/src/raft/raft.go:1005 +0x378

goroutine 25 [sleep]:
time.Sleep(0x989680)
	/usr/local/go/src/runtime/time.go:195 +0x135
6.824/raft.(*Raft).applyChecker(0xc00012a6e0)
	/home/jackson/projects/6.824/src/raft/raft.go:898 +0x4f
created by 6.824/raft.Make
	/home/jackson/projects/6.824/src/raft/raft.go:1006 +0x3b6

goroutine 26 [sleep]:
time.Sleep(0x989680)
	/usr/local/go/src/runtime/time.go:195 +0x135
6.824/raft.(*Raft).commitChecker(0xc00012a6e0)
	/home/jackson/projects/6.824/src/raft/raft.go:923 +0x5a
created by 6.824/raft.Make
	/home/jackson/projects/6.824/src/raft/raft.go:1007 +0x3f6

goroutine 27 [chan receive, 9 minutes]:
6.824/shardkv.(*ShardKV).applyCheaker(0xc000160000)
	/home/jackson/projects/6.824/src/shardkv/server.go:409 +0x85
created by 6.824/shardkv.StartServer
	/home/jackson/projects/6.824/src/shardkv/server.go:400 +0x4ea

goroutine 28 [sleep]:
time.Sleep(0x5f5e100)
	/usr/local/go/src/runtime/time.go:195 +0x135
6.824/shardkv.(*ShardKV).configPuller(0xc000160000)
	/home/jackson/projects/6.824/src/shardkv/server.go:672 +0x3d
created by 6.824/shardkv.StartServer
	/home/jackson/projects/6.824/src/shardkv/server.go:401 +0x52a

goroutine 29 [sleep]:
time.Sleep(0x1dcd6500)
	/usr/local/go/src/runtime/time.go:195 +0x135
6.824/shardkv.(*ShardKV).sendAreaChecker(0xc000160000)
	/home/jackson/projects/6.824/src/shardkv/server.go:727 +0x53
created by 6.824/shardkv.StartServer
	/home/jackson/projects/6.824/src/shardkv/server.go:402 +0x56a

goroutine 30 [sleep]:
time.Sleep(0x3688e278)
	/usr/local/go/src/runtime/time.go:195 +0x135
6.824/raft.(*Raft).ticker(0xc00012a840)
	/home/jackson/projects/6.824/src/raft/raft.go:831 +0xc5
created by 6.824/raft.Make
	/home/jackson/projects/6.824/src/raft/raft.go:1004 +0x33b

goroutine 31 [select]:
6.824/raft.(*Raft).heartbeats(0xc00012a840)
	/home/jackson/projects/6.824/src/raft/raft.go:860 +0xaa
created by 6.824/raft.Make
	/home/jackson/projects/6.824/src/raft/raft.go:1005 +0x378

goroutine 32 [sleep]:
time.Sleep(0x989680)
	/usr/local/go/src/runtime/time.go:195 +0x135
6.824/raft.(*Raft).applyChecker(0xc00012a840)
	/home/jackson/projects/6.824/src/raft/raft.go:898 +0x4f
created by 6.824/raft.Make
	/home/jackson/projects/6.824/src/raft/raft.go:1006 +0x3b6

goroutine 33 [sleep]:
time.Sleep(0x989680)
	/usr/local/go/src/runtime/time.go:195 +0x135
6.824/raft.(*Raft).commitChecker(0xc00012a840)
	/home/jackson/projects/6.824/src/raft/raft.go:923 +0x5a
created by 6.824/raft.Make
	/home/jackson/projects/6.824/src/raft/raft.go:1007 +0x3f6

goroutine 34 [chan receive, 9 minutes]:
6.824/shardkv.(*ShardKV).applyCheaker(0xc000160200)
	/home/jackson/projects/6.824/src/shardkv/server.go:409 +0x85
created by 6.824/shardkv.StartServer
	/home/jackson/projects/6.824/src/shardkv/server.go:400 +0x4ea

goroutine 35 [sleep]:
time.Sleep(0x5f5e100)
	/usr/local/go/src/runtime/time.go:195 +0x135
6.824/shardkv.(*ShardKV).configPuller(0xc000160200)
	/home/jackson/projects/6.824/src/shardkv/server.go:672 +0x3d
created by 6.824/shardkv.StartServer
	/home/jackson/projects/6.824/src/shardkv/server.go:401 +0x52a

goroutine 36 [sleep]:
time.Sleep(0x1dcd6500)
	/usr/local/go/src/runtime/time.go:195 +0x135
6.824/shardkv.(*ShardKV).sendAreaChecker(0xc000160200)
	/home/jackson/projects/6.824/src/shardkv/server.go:727 +0x53
created by 6.824/shardkv.StartServer
	/home/jackson/projects/6.824/src/shardkv/server.go:402 +0x56a

goroutine 37 [sleep]:
time.Sleep(0x2c01481d)
	/usr/local/go/src/runtime/time.go:195 +0x135
6.824/raft.(*Raft).ticker(0xc00012a9a0)
	/home/jackson/projects/6.824/src/raft/raft.go:831 +0xc5
created by 6.824/raft.Make
	/home/jackson/projects/6.824/src/raft/raft.go:1004 +0x33b

goroutine 38 [select]:
6.824/raft.(*Raft).heartbeats(0xc00012a9a0)
	/home/jackson/projects/6.824/src/raft/raft.go:860 +0xaa
created by 6.824/raft.Make
	/home/jackson/projects/6.824/src/raft/raft.go:1005 +0x378

goroutine 39 [sleep]:
time.Sleep(0x989680)
	/usr/local/go/src/runtime/time.go:195 +0x135
6.824/raft.(*Raft).applyChecker(0xc00012a9a0)
	/home/jackson/projects/6.824/src/raft/raft.go:898 +0x4f
created by 6.824/raft.Make
	/home/jackson/projects/6.824/src/raft/raft.go:1006 +0x3b6

goroutine 40 [sleep]:
time.Sleep(0x989680)
	/usr/local/go/src/runtime/time.go:195 +0x135
6.824/raft.(*Raft).commitChecker(0xc00012a9a0)
	/home/jackson/projects/6.824/src/raft/raft.go:923 +0x5a
created by 6.824/raft.Make
	/home/jackson/projects/6.824/src/raft/raft.go:1007 +0x3f6

goroutine 41 [chan receive, 9 minutes]:
6.824/shardkv.(*ShardKV).applyCheaker(0xc000160600)
	/home/jackson/projects/6.824/src/shardkv/server.go:409 +0x85
created by 6.824/shardkv.StartServer
	/home/jackson/projects/6.824/src/shardkv/server.go:400 +0x4ea

goroutine 42 [sleep]:
time.Sleep(0x5f5e100)
	/usr/local/go/src/runtime/time.go:195 +0x135
6.824/shardkv.(*ShardKV).configPuller(0xc000160600)
	/home/jackson/projects/6.824/src/shardkv/server.go:672 +0x3d
created by 6.824/shardkv.StartServer
	/home/jackson/projects/6.824/src/shardkv/server.go:401 +0x52a

goroutine 43 [sleep]:
time.Sleep(0x1dcd6500)
	/usr/local/go/src/runtime/time.go:195 +0x135
6.824/shardkv.(*ShardKV).sendAreaChecker(0xc000160600)
	/home/jackson/projects/6.824/src/shardkv/server.go:727 +0x53
created by 6.824/shardkv.StartServer
	/home/jackson/projects/6.824/src/shardkv/server.go:402 +0x56a

goroutine 44 [sleep]:
time.Sleep(0x344d1668)
	/usr/local/go/src/runtime/time.go:195 +0x135
6.824/raft.(*Raft).ticker(0xc00012ab00)
	/home/jackson/projects/6.824/src/raft/raft.go:831 +0xc5
created by 6.824/raft.Make
	/home/jackson/projects/6.824/src/raft/raft.go:1004 +0x33b

goroutine 45 [select]:
6.824/raft.(*Raft).heartbeats(0xc00012ab00)
	/home/jackson/projects/6.824/src/raft/raft.go:860 +0xaa
created by 6.824/raft.Make
	/home/jackson/projects/6.824/src/raft/raft.go:1005 +0x378

goroutine 46 [sleep]:
time.Sleep(0x989680)
	/usr/local/go/src/runtime/time.go:195 +0x135
6.824/raft.(*Raft).applyChecker(0xc00012ab00)
	/home/jackson/projects/6.824/src/raft/raft.go:898 +0x4f
created by 6.824/raft.Make
	/home/jackson/projects/6.824/src/raft/raft.go:1006 +0x3b6

goroutine 47 [sleep]:
time.Sleep(0x989680)
	/usr/local/go/src/runtime/time.go:195 +0x135
6.824/raft.(*Raft).commitChecker(0xc00012ab00)
	/home/jackson/projects/6.824/src/raft/raft.go:923 +0x5a
created by 6.824/raft.Make
	/home/jackson/projects/6.824/src/raft/raft.go:1007 +0x3f6

goroutine 48 [chan receive, 9 minutes]:
6.824/shardkv.(*ShardKV).applyCheaker(0xc000160800)
	/home/jackson/projects/6.824/src/shardkv/server.go:409 +0x85
created by 6.824/shardkv.StartServer
	/home/jackson/projects/6.824/src/shardkv/server.go:400 +0x4ea

goroutine 49 [sleep]:
time.Sleep(0x5f5e100)
	/usr/local/go/src/runtime/time.go:195 +0x135
6.824/shardkv.(*ShardKV).configPuller(0xc000160800)
	/home/jackson/projects/6.824/src/shardkv/server.go:672 +0x3d
created by 6.824/shardkv.StartServer
	/home/jackson/projects/6.824/src/shardkv/server.go:401 +0x52a

goroutine 50 [sleep]:
time.Sleep(0x1dcd6500)
	/usr/local/go/src/runtime/time.go:195 +0x135
6.824/shardkv.(*ShardKV).sendAreaChecker(0xc000160800)
	/home/jackson/projects/6.824/src/shardkv/server.go:727 +0x53
created by 6.824/shardkv.StartServer
	/home/jackson/projects/6.824/src/shardkv/server.go:402 +0x56a

goroutine 51 [sleep]:
time.Sleep(0x3634f5b7)
	/usr/local/go/src/runtime/time.go:195 +0x135
6.824/raft.(*Raft).ticker(0xc00012ac60)
	/home/jackson/projects/6.824/src/raft/raft.go:831 +0xc5
created by 6.824/raft.Make
	/home/jackson/projects/6.824/src/raft/raft.go:1004 +0x33b

goroutine 52 [select]:
6.824/raft.(*Raft).heartbeats(0xc00012ac60)
	/home/jackson/projects/6.824/src/raft/raft.go:860 +0xaa
created by 6.824/raft.Make
	/home/jackson/projects/6.824/src/raft/raft.go:1005 +0x378

goroutine 53 [sleep]:
time.Sleep(0x989680)
	/usr/local/go/src/runtime/time.go:195 +0x135
6.824/raft.(*Raft).applyChecker(0xc00012ac60)
	/home/jackson/projects/6.824/src/raft/raft.go:898 +0x4f
created by 6.824/raft.Make
	/home/jackson/projects/6.824/src/raft/raft.go:1006 +0x3b6

goroutine 54 [sleep]:
time.Sleep(0x989680)
	/usr/local/go/src/runtime/time.go:195 +0x135
6.824/raft.(*Raft).commitChecker(0xc00012ac60)
	/home/jackson/projects/6.824/src/raft/raft.go:923 +0x5a
created by 6.824/raft.Make
	/home/jackson/projects/6.824/src/raft/raft.go:1007 +0x3f6

goroutine 55 [chan receive, 9 minutes]:
6.824/shardkv.(*ShardKV).applyCheaker(0xc000160a00)
	/home/jackson/projects/6.824/src/shardkv/server.go:409 +0x85
created by 6.824/shardkv.StartServer
	/home/jackson/projects/6.824/src/shardkv/server.go:400 +0x4ea

goroutine 56 [sleep]:
time.Sleep(0x5f5e100)
	/usr/local/go/src/runtime/time.go:195 +0x135
6.824/shardkv.(*ShardKV).configPuller(0xc000160a00)
	/home/jackson/projects/6.824/src/shardkv/server.go:672 +0x3d
created by 6.824/shardkv.StartServer
	/home/jackson/projects/6.824/src/shardkv/server.go:401 +0x52a

goroutine 57 [sleep]:
time.Sleep(0x1dcd6500)
	/usr/local/go/src/runtime/time.go:195 +0x135
6.824/shardkv.(*ShardKV).sendAreaChecker(0xc000160a00)
	/home/jackson/projects/6.824/src/shardkv/server.go:727 +0x53
created by 6.824/shardkv.StartServer
	/home/jackson/projects/6.824/src/shardkv/server.go:402 +0x56a

goroutine 58 [sleep]:
time.Sleep(0x1a489543)
	/usr/local/go/src/runtime/time.go:195 +0x135
6.824/raft.(*Raft).ticker(0xc00012adc0)
	/home/jackson/projects/6.824/src/raft/raft.go:831 +0xc5
created by 6.824/raft.Make
	/home/jackson/projects/6.824/src/raft/raft.go:1004 +0x33b

goroutine 59 [select]:
6.824/raft.(*Raft).heartbeats(0xc00012adc0)
	/home/jackson/projects/6.824/src/raft/raft.go:860 +0xaa
created by 6.824/raft.Make
	/home/jackson/projects/6.824/src/raft/raft.go:1005 +0x378

goroutine 60 [sleep]:
time.Sleep(0x989680)
	/usr/local/go/src/runtime/time.go:195 +0x135
6.824/raft.(*Raft).applyChecker(0xc00012adc0)
	/home/jackson/projects/6.824/src/raft/raft.go:898 +0x4f
created by 6.824/raft.Make
	/home/jackson/projects/6.824/src/raft/raft.go:1006 +0x3b6

goroutine 61 [sleep]:
time.Sleep(0x989680)
	/usr/local/go/src/runtime/time.go:195 +0x135
6.824/raft.(*Raft).commitChecker(0xc00012adc0)
	/home/jackson/projects/6.824/src/raft/raft.go:923 +0x5a
created by 6.824/raft.Make
	/home/jackson/projects/6.824/src/raft/raft.go:1007 +0x3f6

goroutine 62 [chan receive, 9 minutes]:
6.824/shardkv.(*ShardKV).applyCheaker(0xc000160c00)
	/home/jackson/projects/6.824/src/shardkv/server.go:409 +0x85
created by 6.824/shardkv.StartServer
	/home/jackson/projects/6.824/src/shardkv/server.go:400 +0x4ea

goroutine 63 [sleep]:
time.Sleep(0x5f5e100)
	/usr/local/go/src/runtime/time.go:195 +0x135
6.824/shardkv.(*ShardKV).configPuller(0xc000160c00)
	/home/jackson/projects/6.824/src/shardkv/server.go:672 +0x3d
created by 6.824/shardkv.StartServer
	/home/jackson/projects/6.824/src/shardkv/server.go:401 +0x52a

goroutine 64 [sleep]:
time.Sleep(0x1dcd6500)
	/usr/local/go/src/runtime/time.go:195 +0x135
6.824/shardkv.(*ShardKV).sendAreaChecker(0xc000160c00)
	/home/jackson/projects/6.824/src/shardkv/server.go:727 +0x53
created by 6.824/shardkv.StartServer
	/home/jackson/projects/6.824/src/shardkv/server.go:402 +0x56a

goroutine 65 [sleep]:
time.Sleep(0x33583e14)
	/usr/local/go/src/runtime/time.go:195 +0x135
6.824/raft.(*Raft).ticker(0xc00012af20)
	/home/jackson/projects/6.824/src/raft/raft.go:831 +0xc5
created by 6.824/raft.Make
	/home/jackson/projects/6.824/src/raft/raft.go:1004 +0x33b

goroutine 66 [select]:
6.824/raft.(*Raft).heartbeats(0xc00012af20)
	/home/jackson/projects/6.824/src/raft/raft.go:860 +0xaa
created by 6.824/raft.Make
	/home/jackson/projects/6.824/src/raft/raft.go:1005 +0x378

goroutine 67 [sleep]:
time.Sleep(0x989680)
	/usr/local/go/src/runtime/time.go:195 +0x135
6.824/raft.(*Raft).applyChecker(0xc00012af20)
	/home/jackson/projects/6.824/src/raft/raft.go:898 +0x4f
created by 6.824/raft.Make
	/home/jackson/projects/6.824/src/raft/raft.go:1006 +0x3b6

goroutine 68 [sleep]:
time.Sleep(0x989680)
	/usr/local/go/src/runtime/time.go:195 +0x135
6.824/raft.(*Raft).commitChecker(0xc00012af20)
	/home/jackson/projects/6.824/src/raft/raft.go:923 +0x5a
created by 6.824/raft.Make
	/home/jackson/projects/6.824/src/raft/raft.go:1007 +0x3f6

goroutine 69 [chan receive, 9 minutes]:
6.824/shardkv.(*ShardKV).applyCheaker(0xc000160e00)
	/home/jackson/projects/6.824/src/shardkv/server.go:409 +0x85
created by 6.824/shardkv.StartServer
	/home/jackson/projects/6.824/src/shardkv/server.go:400 +0x4ea

goroutine 70 [sleep]:
time.Sleep(0x5f5e100)
	/usr/local/go/src/runtime/time.go:195 +0x135
6.824/shardkv.(*ShardKV).configPuller(0xc000160e00)
	/home/jackson/projects/6.824/src/shardkv/server.go:672 +0x3d
created by 6.824/shardkv.StartServer
	/home/jackson/projects/6.824/src/shardkv/server.go:401 +0x52a

goroutine 71 [sleep]:
time.Sleep(0x1dcd6500)
	/usr/local/go/src/runtime/time.go:195 +0x135
6.824/shardkv.(*ShardKV).sendAreaChecker(0xc000160e00)
	/home/jackson/projects/6.824/src/shardkv/server.go:727 +0x53
created by 6.824/shardkv.StartServer
	/home/jackson/projects/6.824/src/shardkv/server.go:402 +0x56a

goroutine 72 [sleep]:
time.Sleep(0x2fb9d0e9)
	/usr/local/go/src/runtime/time.go:195 +0x135
6.824/raft.(*Raft).ticker(0xc00012b080)
	/home/jackson/projects/6.824/src/raft/raft.go:831 +0xc5
created by 6.824/raft.Make
	/home/jackson/projects/6.824/src/raft/raft.go:1004 +0x33b

goroutine 73 [select]:
6.824/raft.(*Raft).heartbeats(0xc00012b080)
	/home/jackson/projects/6.824/src/raft/raft.go:860 +0xaa
created by 6.824/raft.Make
	/home/jackson/projects/6.824/src/raft/raft.go:1005 +0x378

goroutine 74 [sleep]:
time.Sleep(0x989680)
	/usr/local/go/src/runtime/time.go:195 +0x135
6.824/raft.(*Raft).applyChecker(0xc00012b080)
	/home/jackson/projects/6.824/src/raft/raft.go:898 +0x4f
created by 6.824/raft.Make
	/home/jackson/projects/6.824/src/raft/raft.go:1006 +0x3b6

goroutine 75 [sleep]:
time.Sleep(0x989680)
	/usr/local/go/src/runtime/time.go:195 +0x135
6.824/raft.(*Raft).commitChecker(0xc00012b080)
	/home/jackson/projects/6.824/src/raft/raft.go:923 +0x5a
created by 6.824/raft.Make
	/home/jackson/projects/6.824/src/raft/raft.go:1007 +0x3f6

goroutine 76 [chan receive, 9 minutes]:
6.824/shardkv.(*ShardKV).applyCheaker(0xc000161000)
	/home/jackson/projects/6.824/src/shardkv/server.go:409 +0x85
created by 6.824/shardkv.StartServer
	/home/jackson/projects/6.824/src/shardkv/server.go:400 +0x4ea

goroutine 77 [select]:
6.824/shardctrler.(*Clerk).Query(0xc00015ad80, 0xffffffffffffffff)
	/home/jackson/projects/6.824/src/shardctrler/client.go:62 +0x265
6.824/shardkv.(*ShardKV).configPuller(0xc000161000)
	/home/jackson/projects/6.824/src/shardkv/server.go:662 +0x148
created by 6.824/shardkv.StartServer
	/home/jackson/projects/6.824/src/shardkv/server.go:401 +0x52a

goroutine 78 [sleep]:
time.Sleep(0x1dcd6500)
	/usr/local/go/src/runtime/time.go:195 +0x135
6.824/shardkv.(*ShardKV).sendAreaChecker(0xc000161000)
	/home/jackson/projects/6.824/src/shardkv/server.go:727 +0x53
created by 6.824/shardkv.StartServer
	/home/jackson/projects/6.824/src/shardkv/server.go:402 +0x56a

goroutine 79 [sleep]:
time.Sleep(0x2d1f4188)
	/usr/local/go/src/runtime/time.go:195 +0x135
6.824/raft.(*Raft).ticker(0xc00012b1e0)
	/home/jackson/projects/6.824/src/raft/raft.go:831 +0xc5
created by 6.824/raft.Make
	/home/jackson/projects/6.824/src/raft/raft.go:1004 +0x33b

goroutine 80 [select]:
6.824/raft.(*Raft).heartbeats(0xc00012b1e0)
	/home/jackson/projects/6.824/src/raft/raft.go:860 +0xaa
created by 6.824/raft.Make
	/home/jackson/projects/6.824/src/raft/raft.go:1005 +0x378

goroutine 81 [sleep]:
time.Sleep(0x989680)
	/usr/local/go/src/runtime/time.go:195 +0x135
6.824/raft.(*Raft).applyChecker(0xc00012b1e0)
	/home/jackson/projects/6.824/src/raft/raft.go:898 +0x4f
created by 6.824/raft.Make
	/home/jackson/projects/6.824/src/raft/raft.go:1006 +0x3b6

goroutine 82 [sleep]:
time.Sleep(0x989680)
	/usr/local/go/src/runtime/time.go:195 +0x135
6.824/raft.(*Raft).commitChecker(0xc00012b1e0)
	/home/jackson/projects/6.824/src/raft/raft.go:923 +0x5a
created by 6.824/raft.Make
	/home/jackson/projects/6.824/src/raft/raft.go:1007 +0x3f6

goroutine 83 [chan receive, 9 minutes]:
6.824/shardkv.(*ShardKV).applyCheaker(0xc000161200)
	/home/jackson/projects/6.824/src/shardkv/server.go:409 +0x85
created by 6.824/shardkv.StartServer
	/home/jackson/projects/6.824/src/shardkv/server.go:400 +0x4ea

goroutine 84 [sleep]:
time.Sleep(0x5f5e100)
	/usr/local/go/src/runtime/time.go:195 +0x135
6.824/shardkv.(*ShardKV).configPuller(0xc000161200)
	/home/jackson/projects/6.824/src/shardkv/server.go:672 +0x3d
created by 6.824/shardkv.StartServer
	/home/jackson/projects/6.824/src/shardkv/server.go:401 +0x52a

goroutine 85 [sleep]:
time.Sleep(0x1dcd6500)
	/usr/local/go/src/runtime/time.go:195 +0x135
6.824/shardkv.(*ShardKV).sendAreaChecker(0xc000161200)
	/home/jackson/projects/6.824/src/shardkv/server.go:727 +0x53
created by 6.824/shardkv.StartServer
	/home/jackson/projects/6.824/src/shardkv/server.go:402 +0x56a

goroutine 3039 [sync.Cond.Wait, 9 minutes]:
sync.runtime_notifyListWait(0xc00053c668, 0x2)
	/usr/local/go/src/runtime/sema.go:517 +0x14c
sync.(*Cond).Wait(0xc00053c640?)
	/usr/local/go/src/sync/cond.go:70 +0x8c
6.824/shardkv.(*ShardKV).Get(0xc000161200, 0xc0002fa1e0, 0xc00050c6c0)
	/home/jackson/projects/6.824/src/shardkv/server.go:190 +0x690
reflect.Value.call({0xc00002b740?, 0xc000012eb8?, 0xc00058bb10?}, {0x64be2c, 0x4}, {0xc00058bc68, 0x3, 0xc00058bb40?})
	/usr/local/go/src/reflect/value.go:584 +0x8c5
reflect.Value.Call({0xc00002b740?, 0xc000012eb8?, 0xc00041c5c0?}, {0xc00058bc68?, 0x400?, 0xc000152b88?})
	/usr/local/go/src/reflect/value.go:368 +0xbc
6.824/labrpc.(*Service).dispatch(0xc00015af40, {0x64d7c6, 0x3}, {{0x601780, 0xc0005602d0}, {0x64d7be, 0xb}, {0x6a7880, 0x5f71c0}, {0xc0004f21e0, ...}, ...})
	/home/jackson/projects/6.824/src/labrpc/labrpc.go:497 +0x38e
6.824/labrpc.(*Server).dispatch(0xc000010f90, {{0x601780, 0xc0005602d0}, {0x64d7be, 0xb}, {0x6a7880, 0x5f71c0}, {0xc0004f21e0, 0x51, 0xa0}, ...})
	/home/jackson/projects/6.824/src/labrpc/labrpc.go:421 +0x1fe
6.824/labrpc.(*Network).processReq.func1()
	/home/jackson/projects/6.824/src/labrpc/labrpc.go:243 +0x58
created by 6.824/labrpc.(*Network).processReq
	/home/jackson/projects/6.824/src/labrpc/labrpc.go:242 +0x1dd

goroutine 3038 [select]:
6.824/labrpc.(*Network).processReq(0xc0000142d0, {{0x601780, 0xc0005602d0}, {0x64d7be, 0xb}, {0x6a7880, 0x5f71c0}, {0xc0004f21e0, 0x51, 0xa0}, ...})
	/home/jackson/projects/6.824/src/labrpc/labrpc.go:254 +0x416
created by 6.824/labrpc.MakeNetwork.func1
	/home/jackson/projects/6.824/src/labrpc/labrpc.go:160 +0x39

goroutine 254288 [runnable]:
encoding/gob.(*encBuffer).WriteString(...)
	/usr/local/go/src/encoding/gob/encode.go:60
encoding/gob.encString(0x61d940?, 0xc0001a0180, {0x601780?, 0xc000097bd8?, 0x40da7d?})
	/usr/local/go/src/encoding/gob/encode.go:256 +0x285
encoding/gob.(*Encoder).encodeStruct(0xc00045c140, 0xc00045c178, 0xc000011050, {0x61d940?, 0xc000097bd8?, 0xc0000c0620?})
	/usr/local/go/src/encoding/gob/encode.go:328 +0x2f1
encoding/gob.encOpFor.func4(0x61d940?, 0xc0001a0140, {0x61d940?, 0xc000097bd8?, 0x40?})
	/usr/local/go/src/encoding/gob/encode.go:581 +0xc5
encoding/gob.(*Encoder).encodeArray(0xc0001a0100?, 0xc0002aa330?, {0x5fc060?, 0xc0000e1c98?, 0x61da80?}, 0xc0002962a0, 0x1, 0x3, 0x0)
	/usr/local/go/src/encoding/gob/encode.go:351 +0x4d7
encoding/gob.encOpFor.func1(0x61da80?, 0xc0001a0100, {0x5fc060?, 0xc0000e1c98?, 0xd?})
	/usr/local/go/src/encoding/gob/encode.go:551 +0x146
encoding/gob.(*Encoder).encodeStruct(0xc00045c140, 0xc00045c178, 0xc000011038, {0x61da80?, 0xc0000e1c80?, 0xc0000c0900?})
	/usr/local/go/src/encoding/gob/encode.go:328 +0x2f1
encoding/gob.encOpFor.func4(0x61da80?, 0xc0001a0080, {0x61da80?, 0xc0000e1c80?, 0x6?})
	/usr/local/go/src/encoding/gob/encode.go:581 +0xc5
encoding/gob.(*Encoder).encodeStruct(0xc00045c140, 0xc00045c178, 0xc000010fd8, {0x63a9e0?, 0xc0000e5140?, 0xe70000c0000c0a30?})
	/usr/local/go/src/encoding/gob/encode.go:328 +0x2f1
encoding/gob.(*Encoder).encode(0xc00045c140, 0x472e17?, {0x60b2c0?, 0xc0000e5140?, 0x0?}, 0xc000105480)
	/usr/local/go/src/encoding/gob/encode.go:701 +0x1d0
encoding/gob.(*Encoder).sendActualType(0xc00045c140, {0x6a47e0, 0xc0001f8060}, 0xc0001a0040, 0xc000105dc0, {0x6a7880, 0x6256e0?})
	/usr/local/go/src/encoding/gob/encoder.go:106 +0x1cd
encoding/gob.(*Encoder).sendType(0x38?, {0x6a47e0, 0xc0001f8060}, 0xc000050400?, {0x6a7880?, 0x6256e0?})
	/usr/local/go/src/encoding/gob/encoder.go:169 +0x105
encoding/gob.(*Encoder).sendTypeDescriptor(0xc00045c140, {0x6a47e0, 0xc0001f8060}, 0x16?, 0xc0000e50c0)
	/usr/local/go/src/encoding/gob/encoder.go:191 +0xa5
encoding/gob.(*Encoder).EncodeValue(0xc00045c140, {0x5f6cc0?, 0xc0004b7d60?, 0x5f6cc0?})
	/usr/local/go/src/encoding/gob/encoder.go:244 +0x3e8
encoding/gob.(*Encoder).Encode(0x5f6cc0?, {0x5f6cc0?, 0xc0004b7d60?})
	/usr/local/go/src/encoding/gob/encoder.go:176 +0xa5
6.824/labgob.(*LabEncoder).Encode(0xc0002e2008, {0x5f6cc0, 0xc0004b7d60})
	/home/jackson/projects/6.824/src/labgob/labgob.go:34 +0x45
6.824/labrpc.(*ClientEnd).Call(0xc00006f140, {0x64f149?, 0x5ba0f8?}, {0x5f6cc0, 0xc0004b7d60}, {0x5f6d00, 0xc00051a000})
	/home/jackson/projects/6.824/src/labrpc/labrpc.go:96 +0x125
6.824/shardctrler.rpcSender[...](0xc00015ad80, 0x16c, 0x200?, {0x64f149?, 0x11})
	/home/jackson/projects/6.824/src/shardctrler/client.go:301 +0xe8
created by 6.824/shardctrler.(*Clerk).Query
	/home/jackson/projects/6.824/src/shardctrler/client.go:59 +0x1f8

goroutine 254303 [chan receive]:
6.824/labrpc.(*ClientEnd).Call(0xc00006e660, {0x64f675?, 0x65966a?}, {0x5f67c0, 0xc0003467c0}, {0x5f6800, 0xc000411000})
	/home/jackson/projects/6.824/src/labrpc/labrpc.go:115 +0x246
6.824/raft.(*Raft).sendAndHandleAppendEntries(0xc00012a840, 0x0, 0xc0003467c0)
	/home/jackson/projects/6.824/src/raft/raft.go:588 +0x193
created by 6.824/raft.(*Raft).heartbeats
	/home/jackson/projects/6.824/src/raft/raft.go:886 +0x415

goroutine 3037 [chan receive, 9 minutes]:
6.824/labrpc.(*ClientEnd).Call(0xc0002fa020, {0x64d7be?, 0xc000152f90?}, {0x5f71c0, 0xc00034c760}, {0x5f7200, 0xc0002fa000})
	/home/jackson/projects/6.824/src/labrpc/labrpc.go:115 +0x246
6.824/shardkv.rpcSender[...](0xc00014c100, 0xc00052b080, 0x5c28ae?, {0x64d7be?, 0xb}, 0x3, {0xc0003dbfb0, 0x3, 0x3})
	/home/jackson/projects/6.824/src/shardkv/client.go:252 +0x145
created by 6.824/shardkv.(*Clerk).Get
	/home/jackson/projects/6.824/src/shardkv/client.go:106 +0x6ca

goroutine 254304 [runnable]:
reflect.Value.NumField({0x61d940?, 0xc0000118d8?, 0x199?})
	/usr/local/go/src/reflect/value.go:1962 +0xb0
encoding/gob.(*Encoder).encodeStruct(0xc0000001e0, 0xc000000218, 0xc000011050, {0x61d940?, 0xc0000118d8?, 0xc0000c1598?})
	/usr/local/go/src/encoding/gob/encode.go:315 +0x22e
encoding/gob.encOpFor.func4(0x61d940?, 0xc000346940, {0x61d940?, 0xc0000118d8?, 0x40?})
	/usr/local/go/src/encoding/gob/encode.go:581 +0xc5
encoding/gob.(*Encoder).encodeArray(0xc000346900?, 0xc0002aa330?, {0x5fc060?, 0xc0002b8f18?, 0x61da80?}, 0xc0002962a0, 0x1, 0x6, 0x0)
	/usr/local/go/src/encoding/gob/encode.go:351 +0x4d7
encoding/gob.encOpFor.func1(0x61da80?, 0xc000346900, {0x5fc060?, 0xc0002b8f18?, 0xc0000c1798?})
	/usr/local/go/src/encoding/gob/encode.go:551 +0x146
encoding/gob.(*Encoder).encodeStruct(0xc0000001e0, 0xc000000218, 0xc000011038, {0x61da80?, 0xc0002b8f00?, 0xc0000c1878?})
	/usr/local/go/src/encoding/gob/encode.go:328 +0x2f1
encoding/gob.encOpFor.func4(0x61da80?, 0xc0003468c0, {0x61da80?, 0xc0002b8f00?, 0x0?})
	/usr/local/go/src/encoding/gob/encode.go:581 +0xc5
encoding/gob.(*Encoder).encodeStruct(0xc0000001e0, 0xc000000218, 0xc000010fd8, {0x63a9e0?, 0xc0002c2340?, 0x80000c0000c19a8?})
	/usr/local/go/src/encoding/gob/encode.go:328 +0x2f1
encoding/gob.(*Encoder).encode(0xc0000001e0, 0x472e17?, {0x60b2c0?, 0xc0002c2340?, 0xc000050400?}, 0xc000105480)
	/usr/local/go/src/encoding/gob/encode.go:701 +0x1d0
encoding/gob.(*Encoder).sendActualType(0xc0000001e0, {0x6a47e0, 0xc0003da900}, 0xc000346880, 0xc0002c22c0, {0x6a7880, 0x638440?})
	/usr/local/go/src/encoding/gob/encoder.go:106 +0x1cd
encoding/gob.(*Encoder).sendType(0x38?, {0x6a47e0, 0xc0003da900}, 0x7e9a60?, {0x6a7880?, 0x638440?})
	/usr/local/go/src/encoding/gob/encoder.go:169 +0x105
encoding/gob.(*Encoder).sendTypeDescriptor(0xc0000001e0, {0x6a47e0, 0xc0003da900}, 0x16?, 0xc0002c2240)
	/usr/local/go/src/encoding/gob/encoder.go:191 +0xa5
encoding/gob.(*Encoder).EncodeValue(0xc0000001e0, {0x5f67c0?, 0xc000346800?, 0x5f67c0?})
	/usr/local/go/src/encoding/gob/encoder.go:244 +0x3e8
encoding/gob.(*Encoder).Encode(0x5f67c0?, {0x5f67c0?, 0xc000346800?})
	/usr/local/go/src/encoding/gob/encoder.go:176 +0xa5
6.824/labgob.(*LabEncoder).Encode(0xc000206258, {0x5f67c0, 0xc000346800})
	/home/jackson/projects/6.824/src/labgob/labgob.go:34 +0x45
6.824/labrpc.(*ClientEnd).Call(0xc00006e6a0, {0x64f675?, 0x65966a?}, {0x5f67c0, 0xc000346800}, {0x5f6800, 0xc0003a4250})
	/home/jackson/projects/6.824/src/labrpc/labrpc.go:96 +0x125
6.824/raft.(*Raft).sendAndHandleAppendEntries(0xc00012a840, 0x2, 0xc000346800)
	/home/jackson/projects/6.824/src/raft/raft.go:588 +0x193
created by 6.824/raft.(*Raft).heartbeats
	/home/jackson/projects/6.824/src/raft/raft.go:886 +0x415
exit status 2
FAIL	6.824/shardkv	600.016s
